2016-12-30 08:47:14,955 [Worker-8] INFO  o.e.m.c.i.p.ProjectConfigurationManager - Collecting project info '/pom.xml' C:\Users\Comarch\Documents\Java\Spring_MVC\FitnessTracker\pom.xml
2016-12-30 08:47:21,854 [Worker-8] INFO  o.e.m.c.i.l.LifecycleMappingFactory - Using org.maven.ide.eclipse.wtp.WarLifecycleMapping lifecycle mapping for MavenProject: com.pluralsight:FitnessTracker:0.0.1-SNAPSHOT @ C:\Users\Comarch\Documents\Java\Spring_MVC\FitnessTracker\pom.xml.
2016-12-30 08:47:26,465 [Worker-8] INFO  o.e.m.j.i.AbstractJavaProjectConfigurator - Adding source folder /FitnessTracker/src/main/java
2016-12-30 08:47:26,466 [Worker-8] INFO  o.e.m.j.i.AbstractJavaProjectConfigurator - Adding resource folder /FitnessTracker/src/main/resources
2016-12-30 08:47:26,468 [Worker-8] INFO  o.e.m.j.i.AbstractJavaProjectConfigurator - Adding source folder /FitnessTracker/src/test/java
2016-12-30 08:47:36,190 [Worker-8] INFO  o.e.m.c.i.p.ProjectConfigurationManager - Imported and configured 1 project(s) in 21 sec
2016-12-30 08:47:38,270 [Worker-8] WARN  o.e.m.c.i.embedder.EclipseLogger - Using platform encoding (Cp1250 actually) to copy filtered resources, i.e. build is platform dependent!
2016-12-30 08:47:38,337 [Worker-8] INFO  o.e.m.c.i.embedder.EclipseLogger - Copying 0 resource
2016-12-30 08:47:38,352 [Worker-8] WARN  o.e.m.c.i.embedder.EclipseLogger - Using platform encoding (Cp1250 actually) to copy filtered resources, i.e. build is platform dependent!
2016-12-30 08:47:38,386 [Worker-8] INFO  o.e.m.c.i.embedder.EclipseLogger - skip non existing resourceDirectory C:\Users\Comarch\Documents\Java\Spring_MVC\FitnessTracker\src\test\resources
2016-12-30 08:48:23,882 [Worker-29] WARN  o.e.m.c.i.embedder.EclipseLogger - Using platform encoding (Cp1250 actually) to copy filtered resources, i.e. build is platform dependent!
2016-12-30 08:48:24,894 [Worker-29] INFO  o.e.m.c.i.embedder.EclipseLogger - Copying 0 resource
2016-12-30 08:48:24,900 [Worker-29] WARN  o.e.m.c.i.embedder.EclipseLogger - Using platform encoding (Cp1250 actually) to copy filtered resources, i.e. build is platform dependent!
2016-12-30 08:48:25,791 [Worker-29] INFO  o.e.m.c.i.embedder.EclipseLogger - skip non existing resourceDirectory C:\Users\Comarch\Documents\Java\Spring_MVC\FitnessTracker\src\test\resources
2016-12-30 08:56:15,945 [Worker-30] INFO  o.e.m.c.i.l.LifecycleMappingFactory - Using org.maven.ide.eclipse.wtp.WarLifecycleMapping lifecycle mapping for MavenProject: com.pluralsight:FitnessTracker:0.0.1-SNAPSHOT @ C:\Users\Comarch\Documents\Java\Spring_MVC\FitnessTracker\pom.xml.
2016-12-30 08:56:16,498 [Worker-30] INFO  o.e.m.c.i.e.AbstractTransferListenerAdapter - Downloading https://repo.maven.apache.org/maven2/org/springframework/spring-webmvc/4.3.5.RELEASE/spring-webmvc-4.3.5.RELEASE.pom
2016-12-30 08:56:16,633 [Worker-30] INFO  o.e.m.c.i.e.AbstractTransferListenerAdapter - Downloaded https://repo.maven.apache.org/maven2/org/springframework/spring-webmvc/4.3.5.RELEASE/spring-webmvc-4.3.5.RELEASE.pom
2016-12-30 08:56:17,537 [Worker-30] INFO  o.e.m.c.i.e.AbstractTransferListenerAdapter - Downloading https://repo.maven.apache.org/maven2/org/springframework/spring-web/4.3.5.RELEASE/spring-web-4.3.5.RELEASE.pom
2016-12-30 08:56:17,606 [Worker-30] INFO  o.e.m.c.i.e.AbstractTransferListenerAdapter - Downloaded https://repo.maven.apache.org/maven2/org/springframework/spring-web/4.3.5.RELEASE/spring-web-4.3.5.RELEASE.pom
2016-12-30 08:56:17,887 [Worker-30] INFO  o.e.m.c.i.e.AbstractTransferListenerAdapter - Downloading https://repo.maven.apache.org/maven2/org/springframework/spring-webmvc/4.3.5.RELEASE/spring-webmvc-4.3.5.RELEASE.jar
2016-12-30 08:56:18,686 [Worker-30] INFO  o.e.m.c.i.e.AbstractTransferListenerAdapter - Downloaded https://repo.maven.apache.org/maven2/org/springframework/spring-webmvc/4.3.5.RELEASE/spring-webmvc-4.3.5.RELEASE.jar
2016-12-30 08:56:18,728 [Worker-30] INFO  o.e.m.c.i.e.AbstractTransferListenerAdapter - Downloading https://repo.maven.apache.org/maven2/org/springframework/spring-web/4.3.5.RELEASE/spring-web-4.3.5.RELEASE.jar
2016-12-30 08:56:19,247 [Worker-30] INFO  o.e.m.c.i.e.AbstractTransferListenerAdapter - Downloaded https://repo.maven.apache.org/maven2/org/springframework/spring-web/4.3.5.RELEASE/spring-web-4.3.5.RELEASE.jar
2016-12-30 08:56:22,686 [Worker-30] WARN  o.e.m.c.i.embedder.EclipseLogger - Using platform encoding (Cp1250 actually) to copy filtered resources, i.e. build is platform dependent!
2016-12-30 08:56:22,699 [Worker-30] INFO  o.e.m.c.i.embedder.EclipseLogger - Copying 0 resource
2016-12-30 08:56:22,703 [Worker-30] WARN  o.e.m.c.i.embedder.EclipseLogger - Using platform encoding (Cp1250 actually) to copy filtered resources, i.e. build is platform dependent!
2016-12-30 08:56:22,717 [Worker-30] INFO  o.e.m.c.i.embedder.EclipseLogger - skip non existing resourceDirectory C:\Users\Comarch\Documents\Java\Spring_MVC\FitnessTracker\src\test\resources
2016-12-30 08:56:22,732 [Worker-30] INFO  o.e.m.w.i.f.ResourceFilteringBuildParticipant - Changed resources require a complete clean of filtered resources of FitnessTracker
2016-12-30 08:56:22,733 [Worker-30] INFO  o.e.m.w.i.f.ResourceFilteringBuildParticipant - Executing resource filtering for FitnessTracker
2016-12-30 08:56:22,742 [Worker-30] WARN  o.e.m.c.i.embedder.EclipseLogger - Using platform encoding (Cp1250 actually) to copy filtered resources, i.e. build is platform dependent!
2016-12-30 08:56:24,462 [Worker-34] WARN  o.e.m.c.i.embedder.EclipseLogger - Using platform encoding (Cp1250 actually) to copy filtered resources, i.e. build is platform dependent!
2016-12-30 08:56:24,490 [Worker-34] INFO  o.e.m.c.i.embedder.EclipseLogger - Copying 0 resource
2016-12-30 08:56:24,493 [Worker-34] WARN  o.e.m.c.i.embedder.EclipseLogger - Using platform encoding (Cp1250 actually) to copy filtered resources, i.e. build is platform dependent!
2016-12-30 08:56:24,502 [Worker-34] INFO  o.e.m.c.i.embedder.EclipseLogger - skip non existing resourceDirectory C:\Users\Comarch\Documents\Java\Spring_MVC\FitnessTracker\src\test\resources
2016-12-30 09:39:22,838 [Worker-48] WARN  o.e.m.c.i.embedder.EclipseLogger - Using platform encoding (Cp1250 actually) to copy filtered resources, i.e. build is platform dependent!
2016-12-30 09:39:22,848 [Worker-48] INFO  o.e.m.c.i.embedder.EclipseLogger - Copying 0 resource
2016-12-30 09:39:22,851 [Worker-48] WARN  o.e.m.c.i.embedder.EclipseLogger - Using platform encoding (Cp1250 actually) to copy filtered resources, i.e. build is platform dependent!
2016-12-30 09:39:22,863 [Worker-48] INFO  o.e.m.c.i.embedder.EclipseLogger - skip non existing resourceDirectory C:\Users\Comarch\Documents\Java\Spring_MVC\FitnessTracker\src\test\resources
2016-12-30 09:41:41,647 [Worker-53] WARN  o.e.m.c.i.embedder.EclipseLogger - Using platform encoding (Cp1250 actually) to copy filtered resources, i.e. build is platform dependent!
2016-12-30 09:41:41,680 [Worker-53] INFO  o.e.m.c.i.embedder.EclipseLogger - Copying 0 resource
2016-12-30 09:41:41,685 [Worker-53] WARN  o.e.m.c.i.embedder.EclipseLogger - Using platform encoding (Cp1250 actually) to copy filtered resources, i.e. build is platform dependent!
2016-12-30 09:41:41,695 [Worker-53] INFO  o.e.m.c.i.embedder.EclipseLogger - skip non existing resourceDirectory C:\Users\Comarch\Documents\Java\Spring_MVC\FitnessTracker\src\test\resources
2016-12-30 09:42:02,840 [Worker-54] WARN  o.e.m.c.i.embedder.EclipseLogger - Using platform encoding (Cp1250 actually) to copy filtered resources, i.e. build is platform dependent!
2016-12-30 09:42:02,848 [Worker-54] INFO  o.e.m.c.i.embedder.EclipseLogger - Copying 0 resource
2016-12-30 09:42:02,850 [Worker-54] WARN  o.e.m.c.i.embedder.EclipseLogger - Using platform encoding (Cp1250 actually) to copy filtered resources, i.e. build is platform dependent!
2016-12-30 09:42:02,863 [Worker-54] INFO  o.e.m.c.i.embedder.EclipseLogger - skip non existing resourceDirectory C:\Users\Comarch\Documents\Java\Spring_MVC\FitnessTracker\src\test\resources
2016-12-30 10:05:29,110 [Worker-56] WARN  o.e.m.c.i.embedder.EclipseLogger - Using platform encoding (Cp1250 actually) to copy filtered resources, i.e. build is platform dependent!
2016-12-30 10:05:29,138 [Worker-56] INFO  o.e.m.c.i.embedder.EclipseLogger - Copying 0 resource
2016-12-30 10:05:29,164 [Worker-56] WARN  o.e.m.c.i.embedder.EclipseLogger - Using platform encoding (Cp1250 actually) to copy filtered resources, i.e. build is platform dependent!
2016-12-30 10:05:29,232 [Worker-56] INFO  o.e.m.c.i.embedder.EclipseLogger - skip non existing resourceDirectory C:\Users\Comarch\Documents\Java\Spring_MVC\FitnessTracker\src\test\resources
2016-12-30 10:07:44,051 [Worker-55] WARN  o.e.m.c.i.embedder.EclipseLogger - Using platform encoding (Cp1250 actually) to copy filtered resources, i.e. build is platform dependent!
2016-12-30 10:07:44,071 [Worker-55] INFO  o.e.m.c.i.embedder.EclipseLogger - Copying 0 resource
2016-12-30 10:07:44,072 [Worker-55] WARN  o.e.m.c.i.embedder.EclipseLogger - Using platform encoding (Cp1250 actually) to copy filtered resources, i.e. build is platform dependent!
2016-12-30 10:07:44,091 [Worker-55] INFO  o.e.m.c.i.embedder.EclipseLogger - skip non existing resourceDirectory C:\Users\Comarch\Documents\Java\Spring_MVC\FitnessTracker\src\test\resources
2016-12-30 10:08:35,422 [Worker-61] WARN  o.e.m.c.i.embedder.EclipseLogger - Using platform encoding (Cp1250 actually) to copy filtered resources, i.e. build is platform dependent!
2016-12-30 10:08:35,434 [Worker-61] INFO  o.e.m.c.i.embedder.EclipseLogger - Copying 0 resource
2016-12-30 10:08:35,435 [Worker-61] WARN  o.e.m.c.i.embedder.EclipseLogger - Using platform encoding (Cp1250 actually) to copy filtered resources, i.e. build is platform dependent!
2016-12-30 10:08:35,442 [Worker-61] INFO  o.e.m.c.i.embedder.EclipseLogger - skip non existing resourceDirectory C:\Users\Comarch\Documents\Java\Spring_MVC\FitnessTracker\src\test\resources
2016-12-30 10:09:25,253 [Worker-72] WARN  o.e.m.c.i.embedder.EclipseLogger - Using platform encoding (Cp1250 actually) to copy filtered resources, i.e. build is platform dependent!
2016-12-30 10:09:25,266 [Worker-72] INFO  o.e.m.c.i.embedder.EclipseLogger - Copying 0 resource
2016-12-30 10:09:25,268 [Worker-72] WARN  o.e.m.c.i.embedder.EclipseLogger - Using platform encoding (Cp1250 actually) to copy filtered resources, i.e. build is platform dependent!
2016-12-30 10:09:25,281 [Worker-72] INFO  o.e.m.c.i.embedder.EclipseLogger - skip non existing resourceDirectory C:\Users\Comarch\Documents\Java\Spring_MVC\FitnessTracker\src\test\resources
2016-12-30 10:10:58,642 [Worker-63] WARN  o.e.m.c.i.embedder.EclipseLogger - Using platform encoding (Cp1250 actually) to copy filtered resources, i.e. build is platform dependent!
2016-12-30 10:10:58,660 [Worker-63] INFO  o.e.m.c.i.embedder.EclipseLogger - Copying 0 resource
2016-12-30 10:10:58,661 [Worker-63] WARN  o.e.m.c.i.embedder.EclipseLogger - Using platform encoding (Cp1250 actually) to copy filtered resources, i.e. build is platform dependent!
2016-12-30 10:10:58,671 [Worker-63] INFO  o.e.m.c.i.embedder.EclipseLogger - skip non existing resourceDirectory C:\Users\Comarch\Documents\Java\Spring_MVC\FitnessTracker\src\test\resources
2016-12-30 10:14:54,379 [Worker-73] WARN  o.e.m.c.i.embedder.EclipseLogger - Using platform encoding (Cp1250 actually) to copy filtered resources, i.e. build is platform dependent!
2016-12-30 10:14:54,388 [Worker-73] INFO  o.e.m.c.i.embedder.EclipseLogger - Copying 0 resource
2016-12-30 10:14:54,390 [Worker-73] WARN  o.e.m.c.i.embedder.EclipseLogger - Using platform encoding (Cp1250 actually) to copy filtered resources, i.e. build is platform dependent!
2016-12-30 10:14:54,398 [Worker-73] INFO  o.e.m.c.i.embedder.EclipseLogger - skip non existing resourceDirectory C:\Users\Comarch\Documents\Java\Spring_MVC\FitnessTracker\src\test\resources
2016-12-30 10:16:16,456 [Worker-70] WARN  o.e.m.c.i.embedder.EclipseLogger - Using platform encoding (Cp1250 actually) to copy filtered resources, i.e. build is platform dependent!
2016-12-30 10:16:17,794 [Worker-70] INFO  o.e.m.c.i.embedder.EclipseLogger - Copying 0 resource
2016-12-30 10:16:17,796 [Worker-70] WARN  o.e.m.c.i.embedder.EclipseLogger - Using platform encoding (Cp1250 actually) to copy filtered resources, i.e. build is platform dependent!
2016-12-30 10:16:17,816 [Worker-70] INFO  o.e.m.c.i.embedder.EclipseLogger - skip non existing resourceDirectory C:\Users\Comarch\Documents\Java\Spring_MVC\FitnessTracker\src\test\resources
2016-12-30 10:16:22,361 [Worker-74] WARN  o.e.m.c.i.embedder.EclipseLogger - Using platform encoding (Cp1250 actually) to copy filtered resources, i.e. build is platform dependent!
2016-12-30 10:16:22,383 [Worker-74] INFO  o.e.m.c.i.embedder.EclipseLogger - Copying 0 resource
2016-12-30 10:16:22,386 [Worker-74] WARN  o.e.m.c.i.embedder.EclipseLogger - Using platform encoding (Cp1250 actually) to copy filtered resources, i.e. build is platform dependent!
2016-12-30 10:16:22,393 [Worker-74] INFO  o.e.m.c.i.embedder.EclipseLogger - skip non existing resourceDirectory C:\Users\Comarch\Documents\Java\Spring_MVC\FitnessTracker\src\test\resources
2016-12-30 10:16:52,834 [Worker-70] WARN  o.e.m.c.i.embedder.EclipseLogger - Using platform encoding (Cp1250 actually) to copy filtered resources, i.e. build is platform dependent!
2016-12-30 10:16:52,851 [Worker-70] INFO  o.e.m.c.i.embedder.EclipseLogger - Copying 0 resource
2016-12-30 10:16:52,853 [Worker-70] WARN  o.e.m.c.i.embedder.EclipseLogger - Using platform encoding (Cp1250 actually) to copy filtered resources, i.e. build is platform dependent!
2016-12-30 10:16:52,870 [Worker-70] INFO  o.e.m.c.i.embedder.EclipseLogger - skip non existing resourceDirectory C:\Users\Comarch\Documents\Java\Spring_MVC\FitnessTracker\src\test\resources
2016-12-30 10:17:44,890 [Worker-70] WARN  o.e.m.c.i.embedder.EclipseLogger - Using platform encoding (Cp1250 actually) to copy filtered resources, i.e. build is platform dependent!
2016-12-30 10:17:44,904 [Worker-70] INFO  o.e.m.c.i.embedder.EclipseLogger - Copying 0 resource
2016-12-30 10:17:44,907 [Worker-70] WARN  o.e.m.c.i.embedder.EclipseLogger - Using platform encoding (Cp1250 actually) to copy filtered resources, i.e. build is platform dependent!
2016-12-30 10:17:44,928 [Worker-70] INFO  o.e.m.c.i.embedder.EclipseLogger - skip non existing resourceDirectory C:\Users\Comarch\Documents\Java\Spring_MVC\FitnessTracker\src\test\resources
2016-12-30 10:18:21,621 [Worker-75] WARN  o.e.m.c.i.embedder.EclipseLogger - Using platform encoding (Cp1250 actually) to copy filtered resources, i.e. build is platform dependent!
2016-12-30 10:18:21,638 [Worker-75] INFO  o.e.m.c.i.embedder.EclipseLogger - Copying 0 resource
2016-12-30 10:18:21,642 [Worker-75] WARN  o.e.m.c.i.embedder.EclipseLogger - Using platform encoding (Cp1250 actually) to copy filtered resources, i.e. build is platform dependent!
2016-12-30 10:18:21,661 [Worker-75] INFO  o.e.m.c.i.embedder.EclipseLogger - skip non existing resourceDirectory C:\Users\Comarch\Documents\Java\Spring_MVC\FitnessTracker\src\test\resources
2016-12-30 10:19:07,473 [Worker-70] WARN  o.e.m.c.i.embedder.EclipseLogger - Using platform encoding (Cp1250 actually) to copy filtered resources, i.e. build is platform dependent!
2016-12-30 10:19:07,483 [Worker-70] INFO  o.e.m.c.i.embedder.EclipseLogger - Copying 0 resource
2016-12-30 10:19:07,491 [Worker-70] WARN  o.e.m.c.i.embedder.EclipseLogger - Using platform encoding (Cp1250 actually) to copy filtered resources, i.e. build is platform dependent!
2016-12-30 10:19:07,499 [Worker-70] INFO  o.e.m.c.i.embedder.EclipseLogger - skip non existing resourceDirectory C:\Users\Comarch\Documents\Java\Spring_MVC\FitnessTracker\src\test\resources
2016-12-30 10:20:08,528 [Worker-73] WARN  o.e.m.c.i.embedder.EclipseLogger - Using platform encoding (Cp1250 actually) to copy filtered resources, i.e. build is platform dependent!
2016-12-30 10:20:08,564 [Worker-73] INFO  o.e.m.c.i.embedder.EclipseLogger - Copying 0 resource
2016-12-30 10:20:08,565 [Worker-73] WARN  o.e.m.c.i.embedder.EclipseLogger - Using platform encoding (Cp1250 actually) to copy filtered resources, i.e. build is platform dependent!
2016-12-30 10:20:08,589 [Worker-73] INFO  o.e.m.c.i.embedder.EclipseLogger - skip non existing resourceDirectory C:\Users\Comarch\Documents\Java\Spring_MVC\FitnessTracker\src\test\resources
2016-12-30 10:20:52,680 [Worker-75] WARN  o.e.m.c.i.embedder.EclipseLogger - Using platform encoding (Cp1250 actually) to copy filtered resources, i.e. build is platform dependent!
2016-12-30 10:20:52,780 [Worker-75] INFO  o.e.m.c.i.embedder.EclipseLogger - Copying 0 resource
2016-12-30 10:20:52,786 [Worker-75] WARN  o.e.m.c.i.embedder.EclipseLogger - Using platform encoding (Cp1250 actually) to copy filtered resources, i.e. build is platform dependent!
2016-12-30 10:20:52,825 [Worker-75] INFO  o.e.m.c.i.embedder.EclipseLogger - skip non existing resourceDirectory C:\Users\Comarch\Documents\Java\Spring_MVC\FitnessTracker\src\test\resources
2016-12-30 10:21:28,891 [Worker-75] WARN  o.e.m.c.i.embedder.EclipseLogger - Using platform encoding (Cp1250 actually) to copy filtered resources, i.e. build is platform dependent!
2016-12-30 10:21:28,899 [Worker-75] INFO  o.e.m.c.i.embedder.EclipseLogger - Copying 0 resource
2016-12-30 10:21:28,901 [Worker-75] WARN  o.e.m.c.i.embedder.EclipseLogger - Using platform encoding (Cp1250 actually) to copy filtered resources, i.e. build is platform dependent!
2016-12-30 10:21:28,907 [Worker-75] INFO  o.e.m.c.i.embedder.EclipseLogger - skip non existing resourceDirectory C:\Users\Comarch\Documents\Java\Spring_MVC\FitnessTracker\src\test\resources
2016-12-30 10:30:13,099 [Worker-78] WARN  o.e.m.c.i.embedder.EclipseLogger - Using platform encoding (Cp1250 actually) to copy filtered resources, i.e. build is platform dependent!
2016-12-30 10:30:13,145 [Worker-78] INFO  o.e.m.c.i.embedder.EclipseLogger - Copying 0 resource
2016-12-30 10:30:13,147 [Worker-78] WARN  o.e.m.c.i.embedder.EclipseLogger - Using platform encoding (Cp1250 actually) to copy filtered resources, i.e. build is platform dependent!
2016-12-30 10:30:13,161 [Worker-78] INFO  o.e.m.c.i.embedder.EclipseLogger - skip non existing resourceDirectory C:\Users\Comarch\Documents\Java\Spring_MVC\FitnessTracker\src\test\resources
2016-12-30 10:30:30,581 [Worker-73] WARN  o.e.m.c.i.embedder.EclipseLogger - Using platform encoding (Cp1250 actually) to copy filtered resources, i.e. build is platform dependent!
2016-12-30 10:30:30,625 [Worker-73] INFO  o.e.m.c.i.embedder.EclipseLogger - Copying 0 resource
2016-12-30 10:30:30,627 [Worker-73] WARN  o.e.m.c.i.embedder.EclipseLogger - Using platform encoding (Cp1250 actually) to copy filtered resources, i.e. build is platform dependent!
2016-12-30 10:30:30,647 [Worker-73] INFO  o.e.m.c.i.embedder.EclipseLogger - skip non existing resourceDirectory C:\Users\Comarch\Documents\Java\Spring_MVC\FitnessTracker\src\test\resources
2016-12-30 10:31:49,504 [Worker-78] WARN  o.e.m.c.i.embedder.EclipseLogger - Using platform encoding (Cp1250 actually) to copy filtered resources, i.e. build is platform dependent!
2016-12-30 10:31:49,541 [Worker-78] INFO  o.e.m.c.i.embedder.EclipseLogger - Copying 0 resource
2016-12-30 10:31:49,542 [Worker-78] WARN  o.e.m.c.i.embedder.EclipseLogger - Using platform encoding (Cp1250 actually) to copy filtered resources, i.e. build is platform dependent!
2016-12-30 10:31:49,566 [Worker-78] INFO  o.e.m.c.i.embedder.EclipseLogger - skip non existing resourceDirectory C:\Users\Comarch\Documents\Java\Spring_MVC\FitnessTracker\src\test\resources
2016-12-30 10:32:00,210 [Worker-80] WARN  o.e.m.c.i.embedder.EclipseLogger - Using platform encoding (Cp1250 actually) to copy filtered resources, i.e. build is platform dependent!
2016-12-30 10:32:00,217 [Worker-80] INFO  o.e.m.c.i.embedder.EclipseLogger - Copying 0 resource
2016-12-30 10:32:00,218 [Worker-80] WARN  o.e.m.c.i.embedder.EclipseLogger - Using platform encoding (Cp1250 actually) to copy filtered resources, i.e. build is platform dependent!
2016-12-30 10:32:00,227 [Worker-80] INFO  o.e.m.c.i.embedder.EclipseLogger - skip non existing resourceDirectory C:\Users\Comarch\Documents\Java\Spring_MVC\FitnessTracker\src\test\resources
2016-12-30 11:52:33,896 [Worker-95] WARN  o.e.m.c.i.embedder.EclipseLogger - Using platform encoding (Cp1250 actually) to copy filtered resources, i.e. build is platform dependent!
2016-12-30 11:52:33,953 [Worker-95] INFO  o.e.m.c.i.embedder.EclipseLogger - Copying 0 resource
2016-12-30 11:52:33,957 [Worker-95] WARN  o.e.m.c.i.embedder.EclipseLogger - Using platform encoding (Cp1250 actually) to copy filtered resources, i.e. build is platform dependent!
2016-12-30 11:52:34,014 [Worker-95] INFO  o.e.m.c.i.embedder.EclipseLogger - skip non existing resourceDirectory C:\Users\Comarch\Documents\Java\Spring_MVC\FitnessTracker\src\test\resources
2016-12-30 11:54:06,928 [Worker-95] WARN  o.e.m.c.i.embedder.EclipseLogger - Using platform encoding (Cp1250 actually) to copy filtered resources, i.e. build is platform dependent!
2016-12-30 11:54:06,938 [Worker-95] INFO  o.e.m.c.i.embedder.EclipseLogger - Copying 0 resource
2016-12-30 11:54:06,940 [Worker-95] WARN  o.e.m.c.i.embedder.EclipseLogger - Using platform encoding (Cp1250 actually) to copy filtered resources, i.e. build is platform dependent!
2016-12-30 11:54:06,950 [Worker-95] INFO  o.e.m.c.i.embedder.EclipseLogger - skip non existing resourceDirectory C:\Users\Comarch\Documents\Java\Spring_MVC\FitnessTracker\src\test\resources
2016-12-30 11:54:26,829 [Worker-102] WARN  o.e.m.c.i.embedder.EclipseLogger - Using platform encoding (Cp1250 actually) to copy filtered resources, i.e. build is platform dependent!
2016-12-30 11:54:26,856 [Worker-102] INFO  o.e.m.c.i.embedder.EclipseLogger - Copying 0 resource
2016-12-30 11:54:26,858 [Worker-102] WARN  o.e.m.c.i.embedder.EclipseLogger - Using platform encoding (Cp1250 actually) to copy filtered resources, i.e. build is platform dependent!
2016-12-30 11:54:26,867 [Worker-102] INFO  o.e.m.c.i.embedder.EclipseLogger - skip non existing resourceDirectory C:\Users\Comarch\Documents\Java\Spring_MVC\FitnessTracker\src\test\resources
2016-12-30 11:55:11,009 [Worker-100] WARN  o.e.m.c.i.embedder.EclipseLogger - Using platform encoding (Cp1250 actually) to copy filtered resources, i.e. build is platform dependent!
2016-12-30 11:55:11,022 [Worker-100] INFO  o.e.m.c.i.embedder.EclipseLogger - Copying 0 resource
2016-12-30 11:55:11,024 [Worker-100] WARN  o.e.m.c.i.embedder.EclipseLogger - Using platform encoding (Cp1250 actually) to copy filtered resources, i.e. build is platform dependent!
2016-12-30 11:55:11,035 [Worker-100] INFO  o.e.m.c.i.embedder.EclipseLogger - skip non existing resourceDirectory C:\Users\Comarch\Documents\Java\Spring_MVC\FitnessTracker\src\test\resources
2016-12-30 11:55:25,110 [Worker-102] WARN  o.e.m.c.i.embedder.EclipseLogger - Using platform encoding (Cp1250 actually) to copy filtered resources, i.e. build is platform dependent!
2016-12-30 11:55:25,123 [Worker-102] INFO  o.e.m.c.i.embedder.EclipseLogger - Copying 0 resource
2016-12-30 11:55:25,124 [Worker-102] WARN  o.e.m.c.i.embedder.EclipseLogger - Using platform encoding (Cp1250 actually) to copy filtered resources, i.e. build is platform dependent!
2016-12-30 11:55:25,140 [Worker-102] INFO  o.e.m.c.i.embedder.EclipseLogger - skip non existing resourceDirectory C:\Users\Comarch\Documents\Java\Spring_MVC\FitnessTracker\src\test\resources
2016-12-30 11:56:24,874 [Worker-100] WARN  o.e.m.c.i.embedder.EclipseLogger - Using platform encoding (Cp1250 actually) to copy filtered resources, i.e. build is platform dependent!
2016-12-30 11:56:24,882 [Worker-100] INFO  o.e.m.c.i.embedder.EclipseLogger - Copying 0 resource
2016-12-30 11:56:24,884 [Worker-100] WARN  o.e.m.c.i.embedder.EclipseLogger - Using platform encoding (Cp1250 actually) to copy filtered resources, i.e. build is platform dependent!
2016-12-30 11:56:24,926 [Worker-100] INFO  o.e.m.c.i.embedder.EclipseLogger - skip non existing resourceDirectory C:\Users\Comarch\Documents\Java\Spring_MVC\FitnessTracker\src\test\resources
2016-12-30 11:56:38,671 [Worker-100] WARN  o.e.m.c.i.embedder.EclipseLogger - Using platform encoding (Cp1250 actually) to copy filtered resources, i.e. build is platform dependent!
2016-12-30 11:56:38,682 [Worker-100] INFO  o.e.m.c.i.embedder.EclipseLogger - Copying 0 resource
2016-12-30 11:56:38,683 [Worker-100] WARN  o.e.m.c.i.embedder.EclipseLogger - Using platform encoding (Cp1250 actually) to copy filtered resources, i.e. build is platform dependent!
2016-12-30 11:56:38,694 [Worker-100] INFO  o.e.m.c.i.embedder.EclipseLogger - skip non existing resourceDirectory C:\Users\Comarch\Documents\Java\Spring_MVC\FitnessTracker\src\test\resources
2016-12-30 11:56:57,170 [Worker-97] WARN  o.e.m.c.i.embedder.EclipseLogger - Using platform encoding (Cp1250 actually) to copy filtered resources, i.e. build is platform dependent!
2016-12-30 11:56:57,189 [Worker-97] INFO  o.e.m.c.i.embedder.EclipseLogger - Copying 0 resource
2016-12-30 11:56:57,190 [Worker-97] WARN  o.e.m.c.i.embedder.EclipseLogger - Using platform encoding (Cp1250 actually) to copy filtered resources, i.e. build is platform dependent!
2016-12-30 11:56:57,218 [Worker-97] INFO  o.e.m.c.i.embedder.EclipseLogger - skip non existing resourceDirectory C:\Users\Comarch\Documents\Java\Spring_MVC\FitnessTracker\src\test\resources
2016-12-30 12:15:02,824 [Worker-110] WARN  o.e.m.c.i.embedder.EclipseLogger - Using platform encoding (Cp1250 actually) to copy filtered resources, i.e. build is platform dependent!
2016-12-30 12:15:02,871 [Worker-110] INFO  o.e.m.c.i.embedder.EclipseLogger - Copying 0 resource
2016-12-30 12:15:02,872 [Worker-110] WARN  o.e.m.c.i.embedder.EclipseLogger - Using platform encoding (Cp1250 actually) to copy filtered resources, i.e. build is platform dependent!
2016-12-30 12:15:02,883 [Worker-110] INFO  o.e.m.c.i.embedder.EclipseLogger - skip non existing resourceDirectory C:\Users\Comarch\Documents\Java\Spring_MVC\FitnessTracker\src\test\resources
2016-12-30 12:16:37,819 [Worker-108] WARN  o.e.m.c.i.embedder.EclipseLogger - Using platform encoding (Cp1250 actually) to copy filtered resources, i.e. build is platform dependent!
2016-12-30 12:16:37,837 [Worker-108] INFO  o.e.m.c.i.embedder.EclipseLogger - Copying 0 resource
2016-12-30 12:16:37,839 [Worker-108] WARN  o.e.m.c.i.embedder.EclipseLogger - Using platform encoding (Cp1250 actually) to copy filtered resources, i.e. build is platform dependent!
2016-12-30 12:16:37,849 [Worker-108] INFO  o.e.m.c.i.embedder.EclipseLogger - skip non existing resourceDirectory C:\Users\Comarch\Documents\Java\Spring_MVC\FitnessTracker\src\test\resources
2016-12-30 12:18:52,603 [Worker-109] WARN  o.e.m.c.i.embedder.EclipseLogger - Using platform encoding (Cp1250 actually) to copy filtered resources, i.e. build is platform dependent!
2016-12-30 12:18:52,621 [Worker-109] INFO  o.e.m.c.i.embedder.EclipseLogger - Copying 0 resource
2016-12-30 12:18:52,622 [Worker-109] WARN  o.e.m.c.i.embedder.EclipseLogger - Using platform encoding (Cp1250 actually) to copy filtered resources, i.e. build is platform dependent!
2016-12-30 12:18:52,645 [Worker-109] INFO  o.e.m.c.i.embedder.EclipseLogger - skip non existing resourceDirectory C:\Users\Comarch\Documents\Java\Spring_MVC\FitnessTracker\src\test\resources
2016-12-30 12:20:09,855 [Worker-109] WARN  o.e.m.c.i.embedder.EclipseLogger - Using platform encoding (Cp1250 actually) to copy filtered resources, i.e. build is platform dependent!
2016-12-30 12:20:09,870 [Worker-109] INFO  o.e.m.c.i.embedder.EclipseLogger - Copying 0 resource
2016-12-30 12:20:09,871 [Worker-109] WARN  o.e.m.c.i.embedder.EclipseLogger - Using platform encoding (Cp1250 actually) to copy filtered resources, i.e. build is platform dependent!
2016-12-30 12:20:09,884 [Worker-109] INFO  o.e.m.c.i.embedder.EclipseLogger - skip non existing resourceDirectory C:\Users\Comarch\Documents\Java\Spring_MVC\FitnessTracker\src\test\resources
2016-12-30 12:21:21,998 [Worker-110] WARN  o.e.m.c.i.embedder.EclipseLogger - Using platform encoding (Cp1250 actually) to copy filtered resources, i.e. build is platform dependent!
2016-12-30 12:21:22,024 [Worker-110] INFO  o.e.m.c.i.embedder.EclipseLogger - Copying 0 resource
2016-12-30 12:21:22,025 [Worker-110] WARN  o.e.m.c.i.embedder.EclipseLogger - Using platform encoding (Cp1250 actually) to copy filtered resources, i.e. build is platform dependent!
2016-12-30 12:21:22,047 [Worker-110] INFO  o.e.m.c.i.embedder.EclipseLogger - skip non existing resourceDirectory C:\Users\Comarch\Documents\Java\Spring_MVC\FitnessTracker\src\test\resources
2016-12-30 12:21:37,804 [Worker-108] WARN  o.e.m.c.i.embedder.EclipseLogger - Using platform encoding (Cp1250 actually) to copy filtered resources, i.e. build is platform dependent!
2016-12-30 12:21:37,912 [Worker-108] INFO  o.e.m.c.i.embedder.EclipseLogger - Copying 0 resource
2016-12-30 12:21:37,918 [Worker-108] WARN  o.e.m.c.i.embedder.EclipseLogger - Using platform encoding (Cp1250 actually) to copy filtered resources, i.e. build is platform dependent!
2016-12-30 12:21:37,950 [Worker-108] INFO  o.e.m.c.i.embedder.EclipseLogger - skip non existing resourceDirectory C:\Users\Comarch\Documents\Java\Spring_MVC\FitnessTracker\src\test\resources
2016-12-30 12:22:11,431 [Worker-109] WARN  o.e.m.c.i.embedder.EclipseLogger - Using platform encoding (Cp1250 actually) to copy filtered resources, i.e. build is platform dependent!
2016-12-30 12:22:11,447 [Worker-109] INFO  o.e.m.c.i.embedder.EclipseLogger - Copying 0 resource
2016-12-30 12:22:11,449 [Worker-109] WARN  o.e.m.c.i.embedder.EclipseLogger - Using platform encoding (Cp1250 actually) to copy filtered resources, i.e. build is platform dependent!
2016-12-30 12:22:11,456 [Worker-109] INFO  o.e.m.c.i.embedder.EclipseLogger - skip non existing resourceDirectory C:\Users\Comarch\Documents\Java\Spring_MVC\FitnessTracker\src\test\resources
2016-12-30 12:22:21,252 [Worker-111] WARN  o.e.m.c.i.embedder.EclipseLogger - Using platform encoding (Cp1250 actually) to copy filtered resources, i.e. build is platform dependent!
2016-12-30 12:22:21,288 [Worker-111] INFO  o.e.m.c.i.embedder.EclipseLogger - Copying 0 resource
2016-12-30 12:22:21,289 [Worker-111] WARN  o.e.m.c.i.embedder.EclipseLogger - Using platform encoding (Cp1250 actually) to copy filtered resources, i.e. build is platform dependent!
2016-12-30 12:22:21,305 [Worker-111] INFO  o.e.m.c.i.embedder.EclipseLogger - skip non existing resourceDirectory C:\Users\Comarch\Documents\Java\Spring_MVC\FitnessTracker\src\test\resources
2016-12-30 12:24:21,966 [Worker-110] WARN  o.e.m.c.i.embedder.EclipseLogger - Using platform encoding (Cp1250 actually) to copy filtered resources, i.e. build is platform dependent!
2016-12-30 12:24:22,010 [Worker-110] INFO  o.e.m.c.i.embedder.EclipseLogger - Copying 0 resource
2016-12-30 12:24:22,012 [Worker-110] WARN  o.e.m.c.i.embedder.EclipseLogger - Using platform encoding (Cp1250 actually) to copy filtered resources, i.e. build is platform dependent!
2016-12-30 12:24:22,038 [Worker-110] INFO  o.e.m.c.i.embedder.EclipseLogger - skip non existing resourceDirectory C:\Users\Comarch\Documents\Java\Spring_MVC\FitnessTracker\src\test\resources
2016-12-30 12:24:52,418 [Worker-111] WARN  o.e.m.c.i.embedder.EclipseLogger - Using platform encoding (Cp1250 actually) to copy filtered resources, i.e. build is platform dependent!
2016-12-30 12:24:52,460 [Worker-111] INFO  o.e.m.c.i.embedder.EclipseLogger - Copying 0 resource
2016-12-30 12:24:52,462 [Worker-111] WARN  o.e.m.c.i.embedder.EclipseLogger - Using platform encoding (Cp1250 actually) to copy filtered resources, i.e. build is platform dependent!
2016-12-30 12:24:52,473 [Worker-111] INFO  o.e.m.c.i.embedder.EclipseLogger - skip non existing resourceDirectory C:\Users\Comarch\Documents\Java\Spring_MVC\FitnessTracker\src\test\resources
2016-12-30 13:37:48,799 [Worker-121] WARN  o.e.m.c.i.embedder.EclipseLogger - Using platform encoding (Cp1250 actually) to copy filtered resources, i.e. build is platform dependent!
2016-12-30 13:37:48,983 [Worker-121] INFO  o.e.m.c.i.embedder.EclipseLogger - Copying 0 resource
2016-12-30 13:37:48,984 [Worker-121] WARN  o.e.m.c.i.embedder.EclipseLogger - Using platform encoding (Cp1250 actually) to copy filtered resources, i.e. build is platform dependent!
2016-12-30 13:37:49,101 [Worker-121] INFO  o.e.m.c.i.embedder.EclipseLogger - skip non existing resourceDirectory C:\Users\Comarch\Documents\Java\Spring_MVC\FitnessTracker\src\test\resources
2016-12-30 13:38:01,406 [Worker-123] WARN  o.e.m.c.i.embedder.EclipseLogger - Using platform encoding (Cp1250 actually) to copy filtered resources, i.e. build is platform dependent!
2016-12-30 13:38:01,469 [Worker-123] INFO  o.e.m.c.i.embedder.EclipseLogger - Copying 0 resource
2016-12-30 13:38:01,470 [Worker-123] WARN  o.e.m.c.i.embedder.EclipseLogger - Using platform encoding (Cp1250 actually) to copy filtered resources, i.e. build is platform dependent!
2016-12-30 13:38:01,509 [Worker-123] INFO  o.e.m.c.i.embedder.EclipseLogger - skip non existing resourceDirectory C:\Users\Comarch\Documents\Java\Spring_MVC\FitnessTracker\src\test\resources
2016-12-30 13:38:27,021 [Worker-119] WARN  o.e.m.c.i.embedder.EclipseLogger - Using platform encoding (Cp1250 actually) to copy filtered resources, i.e. build is platform dependent!
2016-12-30 13:38:27,040 [Worker-119] INFO  o.e.m.c.i.embedder.EclipseLogger - Copying 0 resource
2016-12-30 13:38:27,042 [Worker-119] WARN  o.e.m.c.i.embedder.EclipseLogger - Using platform encoding (Cp1250 actually) to copy filtered resources, i.e. build is platform dependent!
2016-12-30 13:38:27,084 [Worker-119] INFO  o.e.m.c.i.embedder.EclipseLogger - skip non existing resourceDirectory C:\Users\Comarch\Documents\Java\Spring_MVC\FitnessTracker\src\test\resources
2016-12-30 13:40:00,775 [Worker-122] WARN  o.e.m.c.i.embedder.EclipseLogger - Using platform encoding (Cp1250 actually) to copy filtered resources, i.e. build is platform dependent!
2016-12-30 13:40:00,782 [Worker-122] INFO  o.e.m.c.i.embedder.EclipseLogger - Copying 0 resource
2016-12-30 13:40:00,783 [Worker-122] WARN  o.e.m.c.i.embedder.EclipseLogger - Using platform encoding (Cp1250 actually) to copy filtered resources, i.e. build is platform dependent!
2016-12-30 13:40:00,799 [Worker-122] INFO  o.e.m.c.i.embedder.EclipseLogger - skip non existing resourceDirectory C:\Users\Comarch\Documents\Java\Spring_MVC\FitnessTracker\src\test\resources
2016-12-30 13:41:23,200 [Worker-122] WARN  o.e.m.c.i.embedder.EclipseLogger - Using platform encoding (Cp1250 actually) to copy filtered resources, i.e. build is platform dependent!
2016-12-30 13:41:23,209 [Worker-122] INFO  o.e.m.c.i.embedder.EclipseLogger - Copying 0 resource
2016-12-30 13:41:23,210 [Worker-122] WARN  o.e.m.c.i.embedder.EclipseLogger - Using platform encoding (Cp1250 actually) to copy filtered resources, i.e. build is platform dependent!
2016-12-30 13:41:23,218 [Worker-122] INFO  o.e.m.c.i.embedder.EclipseLogger - skip non existing resourceDirectory C:\Users\Comarch\Documents\Java\Spring_MVC\FitnessTracker\src\test\resources
2016-12-30 13:44:04,940 [Worker-126] WARN  o.e.m.c.i.embedder.EclipseLogger - Using platform encoding (Cp1250 actually) to copy filtered resources, i.e. build is platform dependent!
2016-12-30 13:44:04,983 [Worker-126] INFO  o.e.m.c.i.embedder.EclipseLogger - Copying 0 resource
2016-12-30 13:44:04,984 [Worker-126] WARN  o.e.m.c.i.embedder.EclipseLogger - Using platform encoding (Cp1250 actually) to copy filtered resources, i.e. build is platform dependent!
2016-12-30 13:44:05,034 [Worker-126] INFO  o.e.m.c.i.embedder.EclipseLogger - skip non existing resourceDirectory C:\Users\Comarch\Documents\Java\Spring_MVC\FitnessTracker\src\test\resources
2016-12-30 13:44:18,119 [Worker-126] WARN  o.e.m.c.i.embedder.EclipseLogger - Using platform encoding (Cp1250 actually) to copy filtered resources, i.e. build is platform dependent!
2016-12-30 13:44:18,220 [Worker-126] INFO  o.e.m.c.i.embedder.EclipseLogger - Copying 0 resource
2016-12-30 13:44:18,224 [Worker-126] WARN  o.e.m.c.i.embedder.EclipseLogger - Using platform encoding (Cp1250 actually) to copy filtered resources, i.e. build is platform dependent!
2016-12-30 13:44:18,237 [Worker-126] INFO  o.e.m.c.i.embedder.EclipseLogger - skip non existing resourceDirectory C:\Users\Comarch\Documents\Java\Spring_MVC\FitnessTracker\src\test\resources
2016-12-30 13:54:30,993 [Worker-131] WARN  o.e.m.c.i.embedder.EclipseLogger - Using platform encoding (Cp1250 actually) to copy filtered resources, i.e. build is platform dependent!
2016-12-30 13:54:31,079 [Worker-131] INFO  o.e.m.c.i.embedder.EclipseLogger - Copying 0 resource
2016-12-30 13:54:31,080 [Worker-131] WARN  o.e.m.c.i.embedder.EclipseLogger - Using platform encoding (Cp1250 actually) to copy filtered resources, i.e. build is platform dependent!
2016-12-30 13:54:31,099 [Worker-131] INFO  o.e.m.c.i.embedder.EclipseLogger - skip non existing resourceDirectory C:\Users\Comarch\Documents\Java\Spring_MVC\FitnessTracker\src\test\resources
2016-12-30 13:54:56,508 [Worker-134] WARN  o.e.m.c.i.embedder.EclipseLogger - Using platform encoding (Cp1250 actually) to copy filtered resources, i.e. build is platform dependent!
2016-12-30 13:54:56,549 [Worker-134] INFO  o.e.m.c.i.embedder.EclipseLogger - Copying 0 resource
2016-12-30 13:54:56,551 [Worker-134] WARN  o.e.m.c.i.embedder.EclipseLogger - Using platform encoding (Cp1250 actually) to copy filtered resources, i.e. build is platform dependent!
2016-12-30 13:54:56,573 [Worker-134] INFO  o.e.m.c.i.embedder.EclipseLogger - skip non existing resourceDirectory C:\Users\Comarch\Documents\Java\Spring_MVC\FitnessTracker\src\test\resources
2016-12-30 13:55:11,554 [Worker-132] WARN  o.e.m.c.i.embedder.EclipseLogger - Using platform encoding (Cp1250 actually) to copy filtered resources, i.e. build is platform dependent!
2016-12-30 13:55:11,613 [Worker-132] INFO  o.e.m.c.i.embedder.EclipseLogger - Copying 0 resource
2016-12-30 13:55:11,621 [Worker-132] WARN  o.e.m.c.i.embedder.EclipseLogger - Using platform encoding (Cp1250 actually) to copy filtered resources, i.e. build is platform dependent!
2016-12-30 13:55:11,711 [Worker-132] INFO  o.e.m.c.i.embedder.EclipseLogger - skip non existing resourceDirectory C:\Users\Comarch\Documents\Java\Spring_MVC\FitnessTracker\src\test\resources
2016-12-30 13:56:08,682 [Worker-134] WARN  o.e.m.c.i.embedder.EclipseLogger - Using platform encoding (Cp1250 actually) to copy filtered resources, i.e. build is platform dependent!
2016-12-30 13:56:08,700 [Worker-134] INFO  o.e.m.c.i.embedder.EclipseLogger - Copying 0 resource
2016-12-30 13:56:08,701 [Worker-134] WARN  o.e.m.c.i.embedder.EclipseLogger - Using platform encoding (Cp1250 actually) to copy filtered resources, i.e. build is platform dependent!
2016-12-30 13:56:08,744 [Worker-134] INFO  o.e.m.c.i.embedder.EclipseLogger - skip non existing resourceDirectory C:\Users\Comarch\Documents\Java\Spring_MVC\FitnessTracker\src\test\resources
2016-12-30 14:21:28,987 [Worker-142] WARN  o.e.m.c.i.embedder.EclipseLogger - Using platform encoding (Cp1250 actually) to copy filtered resources, i.e. build is platform dependent!
2016-12-30 14:21:29,063 [Worker-142] INFO  o.e.m.c.i.embedder.EclipseLogger - Copying 1 resource
2016-12-30 14:21:29,179 [Worker-142] WARN  o.e.m.c.i.embedder.EclipseLogger - Using platform encoding (Cp1250 actually) to copy filtered resources, i.e. build is platform dependent!
2016-12-30 14:21:29,187 [Worker-142] INFO  o.e.m.c.i.embedder.EclipseLogger - skip non existing resourceDirectory C:\Users\Comarch\Documents\Java\Spring_MVC\FitnessTracker\src\test\resources
2016-12-30 14:21:43,935 [Worker-138] WARN  o.e.m.c.i.embedder.EclipseLogger - Using platform encoding (Cp1250 actually) to copy filtered resources, i.e. build is platform dependent!
2016-12-30 14:21:43,952 [Worker-138] INFO  o.e.m.c.i.embedder.EclipseLogger - Copying 1 resource
2016-12-30 14:21:43,975 [Worker-138] WARN  o.e.m.c.i.embedder.EclipseLogger - Using platform encoding (Cp1250 actually) to copy filtered resources, i.e. build is platform dependent!
2016-12-30 14:21:43,993 [Worker-138] INFO  o.e.m.c.i.embedder.EclipseLogger - skip non existing resourceDirectory C:\Users\Comarch\Documents\Java\Spring_MVC\FitnessTracker\src\test\resources
2016-12-30 14:23:31,664 [Worker-143] WARN  o.e.m.c.i.embedder.EclipseLogger - Using platform encoding (Cp1250 actually) to copy filtered resources, i.e. build is platform dependent!
2016-12-30 14:23:31,676 [Worker-143] INFO  o.e.m.c.i.embedder.EclipseLogger - Copying 0 resource
2016-12-30 14:23:31,677 [Worker-143] WARN  o.e.m.c.i.embedder.EclipseLogger - Using platform encoding (Cp1250 actually) to copy filtered resources, i.e. build is platform dependent!
2016-12-30 14:23:31,684 [Worker-143] INFO  o.e.m.c.i.embedder.EclipseLogger - skip non existing resourceDirectory C:\Users\Comarch\Documents\Java\Spring_MVC\FitnessTracker\src\test\resources
2016-12-30 14:24:28,887 [Worker-143] WARN  o.e.m.c.i.embedder.EclipseLogger - Using platform encoding (Cp1250 actually) to copy filtered resources, i.e. build is platform dependent!
2016-12-30 14:24:28,913 [Worker-143] INFO  o.e.m.c.i.embedder.EclipseLogger - Copying 0 resource
2016-12-30 14:24:28,914 [Worker-143] WARN  o.e.m.c.i.embedder.EclipseLogger - Using platform encoding (Cp1250 actually) to copy filtered resources, i.e. build is platform dependent!
2016-12-30 14:24:28,954 [Worker-143] INFO  o.e.m.c.i.embedder.EclipseLogger - skip non existing resourceDirectory C:\Users\Comarch\Documents\Java\Spring_MVC\FitnessTracker\src\test\resources
2016-12-30 14:32:50,513 [Worker-145] WARN  o.e.m.c.i.embedder.EclipseLogger - Using platform encoding (Cp1250 actually) to copy filtered resources, i.e. build is platform dependent!
2016-12-30 14:32:50,523 [Worker-145] INFO  o.e.m.c.i.embedder.EclipseLogger - Copying 0 resource
2016-12-30 14:32:50,525 [Worker-145] WARN  o.e.m.c.i.embedder.EclipseLogger - Using platform encoding (Cp1250 actually) to copy filtered resources, i.e. build is platform dependent!
2016-12-30 14:32:50,537 [Worker-145] INFO  o.e.m.c.i.embedder.EclipseLogger - skip non existing resourceDirectory C:\Users\Comarch\Documents\Java\Spring_MVC\FitnessTracker\src\test\resources
2016-12-30 14:34:14,162 [Worker-145] WARN  o.e.m.c.i.embedder.EclipseLogger - Using platform encoding (Cp1250 actually) to copy filtered resources, i.e. build is platform dependent!
2016-12-30 14:34:14,169 [Worker-145] INFO  o.e.m.c.i.embedder.EclipseLogger - Copying 0 resource
2016-12-30 14:34:14,170 [Worker-145] WARN  o.e.m.c.i.embedder.EclipseLogger - Using platform encoding (Cp1250 actually) to copy filtered resources, i.e. build is platform dependent!
2016-12-30 14:34:14,176 [Worker-145] INFO  o.e.m.c.i.embedder.EclipseLogger - skip non existing resourceDirectory C:\Users\Comarch\Documents\Java\Spring_MVC\FitnessTracker\src\test\resources
2016-12-30 14:38:45,972 [Worker-153] WARN  o.e.m.c.i.embedder.EclipseLogger - Using platform encoding (Cp1250 actually) to copy filtered resources, i.e. build is platform dependent!
2016-12-30 14:38:46,004 [Worker-153] INFO  o.e.m.c.i.embedder.EclipseLogger - Copying 0 resource
2016-12-30 14:38:46,005 [Worker-153] WARN  o.e.m.c.i.embedder.EclipseLogger - Using platform encoding (Cp1250 actually) to copy filtered resources, i.e. build is platform dependent!
2016-12-30 14:38:46,017 [Worker-153] INFO  o.e.m.c.i.embedder.EclipseLogger - skip non existing resourceDirectory C:\Users\Comarch\Documents\Java\Spring_MVC\FitnessTracker\src\test\resources
2016-12-30 14:41:40,970 [Worker-156] WARN  o.e.m.c.i.embedder.EclipseLogger - Using platform encoding (Cp1250 actually) to copy filtered resources, i.e. build is platform dependent!
2016-12-30 14:41:40,979 [Worker-156] INFO  o.e.m.c.i.embedder.EclipseLogger - Copying 0 resource
2016-12-30 14:41:40,981 [Worker-156] WARN  o.e.m.c.i.embedder.EclipseLogger - Using platform encoding (Cp1250 actually) to copy filtered resources, i.e. build is platform dependent!
2016-12-30 14:41:40,988 [Worker-156] INFO  o.e.m.c.i.embedder.EclipseLogger - skip non existing resourceDirectory C:\Users\Comarch\Documents\Java\Spring_MVC\FitnessTracker\src\test\resources
2016-12-30 14:42:47,434 [Worker-131] WARN  o.e.m.c.i.embedder.EclipseLogger - Using platform encoding (Cp1250 actually) to copy filtered resources, i.e. build is platform dependent!
2016-12-30 14:42:47,464 [Worker-131] INFO  o.e.m.c.i.embedder.EclipseLogger - Copying 0 resource
2016-12-30 14:42:47,471 [Worker-131] WARN  o.e.m.c.i.embedder.EclipseLogger - Using platform encoding (Cp1250 actually) to copy filtered resources, i.e. build is platform dependent!
2016-12-30 14:42:47,488 [Worker-131] INFO  o.e.m.c.i.embedder.EclipseLogger - skip non existing resourceDirectory C:\Users\Comarch\Documents\Java\Spring_MVC\FitnessTracker\src\test\resources
2016-12-30 14:43:44,348 [Worker-158] WARN  o.e.m.c.i.embedder.EclipseLogger - Using platform encoding (Cp1250 actually) to copy filtered resources, i.e. build is platform dependent!
2016-12-30 14:43:44,479 [Worker-158] INFO  o.e.m.c.i.embedder.EclipseLogger - Copying 0 resource
2016-12-30 14:43:44,480 [Worker-158] WARN  o.e.m.c.i.embedder.EclipseLogger - Using platform encoding (Cp1250 actually) to copy filtered resources, i.e. build is platform dependent!
2016-12-30 14:43:44,945 [Worker-158] INFO  o.e.m.c.i.embedder.EclipseLogger - skip non existing resourceDirectory C:\Users\Comarch\Documents\Java\Spring_MVC\FitnessTracker\src\test\resources
2016-12-30 14:45:51,306 [Worker-160] WARN  o.e.m.c.i.embedder.EclipseLogger - Using platform encoding (Cp1250 actually) to copy filtered resources, i.e. build is platform dependent!
2016-12-30 14:45:51,313 [Worker-160] INFO  o.e.m.c.i.embedder.EclipseLogger - Copying 0 resource
2016-12-30 14:45:51,315 [Worker-160] WARN  o.e.m.c.i.embedder.EclipseLogger - Using platform encoding (Cp1250 actually) to copy filtered resources, i.e. build is platform dependent!
2016-12-30 14:45:51,322 [Worker-160] INFO  o.e.m.c.i.embedder.EclipseLogger - skip non existing resourceDirectory C:\Users\Comarch\Documents\Java\Spring_MVC\FitnessTracker\src\test\resources
2016-12-30 14:49:21,867 [Worker-165] WARN  o.e.m.c.i.embedder.EclipseLogger - Using platform encoding (Cp1250 actually) to copy filtered resources, i.e. build is platform dependent!
2016-12-30 14:49:21,874 [Worker-165] INFO  o.e.m.c.i.embedder.EclipseLogger - Copying 1 resource
2016-12-30 14:49:21,887 [Worker-165] WARN  o.e.m.c.i.embedder.EclipseLogger - Using platform encoding (Cp1250 actually) to copy filtered resources, i.e. build is platform dependent!
2016-12-30 14:49:21,894 [Worker-165] INFO  o.e.m.c.i.embedder.EclipseLogger - skip non existing resourceDirectory C:\Users\Comarch\Documents\Java\Spring_MVC\FitnessTracker\src\test\resources
2016-12-30 14:50:04,529 [Worker-167] WARN  o.e.m.c.i.embedder.EclipseLogger - Using platform encoding (Cp1250 actually) to copy filtered resources, i.e. build is platform dependent!
2016-12-30 14:50:04,539 [Worker-167] INFO  o.e.m.c.i.embedder.EclipseLogger - Copying 1 resource
2016-12-30 14:50:04,545 [Worker-167] WARN  o.e.m.c.i.embedder.EclipseLogger - Using platform encoding (Cp1250 actually) to copy filtered resources, i.e. build is platform dependent!
2016-12-30 14:50:04,554 [Worker-167] INFO  o.e.m.c.i.embedder.EclipseLogger - skip non existing resourceDirectory C:\Users\Comarch\Documents\Java\Spring_MVC\FitnessTracker\src\test\resources
2016-12-30 14:51:44,893 [Worker-172] WARN  o.e.m.c.i.embedder.EclipseLogger - Using platform encoding (Cp1250 actually) to copy filtered resources, i.e. build is platform dependent!
2016-12-30 14:51:44,902 [Worker-172] INFO  o.e.m.c.i.embedder.EclipseLogger - Copying 1 resource
2016-12-30 14:51:44,908 [Worker-172] WARN  o.e.m.c.i.embedder.EclipseLogger - Using platform encoding (Cp1250 actually) to copy filtered resources, i.e. build is platform dependent!
2016-12-30 14:51:44,916 [Worker-172] INFO  o.e.m.c.i.embedder.EclipseLogger - skip non existing resourceDirectory C:\Users\Comarch\Documents\Java\Spring_MVC\FitnessTracker\src\test\resources
2016-12-30 14:54:17,830 [Worker-165] WARN  o.e.m.c.i.embedder.EclipseLogger - Using platform encoding (Cp1250 actually) to copy filtered resources, i.e. build is platform dependent!
2016-12-30 14:54:17,844 [Worker-165] INFO  o.e.m.c.i.embedder.EclipseLogger - Copying 0 resource
2016-12-30 14:54:17,845 [Worker-165] WARN  o.e.m.c.i.embedder.EclipseLogger - Using platform encoding (Cp1250 actually) to copy filtered resources, i.e. build is platform dependent!
2016-12-30 14:54:17,853 [Worker-165] INFO  o.e.m.c.i.embedder.EclipseLogger - skip non existing resourceDirectory C:\Users\Comarch\Documents\Java\Spring_MVC\FitnessTracker\src\test\resources
2016-12-30 14:57:08,306 [Worker-174] WARN  o.e.m.c.i.embedder.EclipseLogger - Using platform encoding (Cp1250 actually) to copy filtered resources, i.e. build is platform dependent!
2016-12-30 14:57:08,369 [Worker-174] INFO  o.e.m.c.i.embedder.EclipseLogger - Copying 0 resource
2016-12-30 14:57:08,370 [Worker-174] WARN  o.e.m.c.i.embedder.EclipseLogger - Using platform encoding (Cp1250 actually) to copy filtered resources, i.e. build is platform dependent!
2016-12-30 14:57:08,391 [Worker-174] INFO  o.e.m.c.i.embedder.EclipseLogger - skip non existing resourceDirectory C:\Users\Comarch\Documents\Java\Spring_MVC\FitnessTracker\src\test\resources
2016-12-30 15:00:08,664 [Worker-174] WARN  o.e.m.c.i.embedder.EclipseLogger - Using platform encoding (Cp1250 actually) to copy filtered resources, i.e. build is platform dependent!
2016-12-30 15:00:08,688 [Worker-174] INFO  o.e.m.c.i.embedder.EclipseLogger - Copying 0 resource
2016-12-30 15:00:08,689 [Worker-174] WARN  o.e.m.c.i.embedder.EclipseLogger - Using platform encoding (Cp1250 actually) to copy filtered resources, i.e. build is platform dependent!
2016-12-30 15:00:08,700 [Worker-174] INFO  o.e.m.c.i.embedder.EclipseLogger - skip non existing resourceDirectory C:\Users\Comarch\Documents\Java\Spring_MVC\FitnessTracker\src\test\resources
2016-12-30 15:00:19,917 [Worker-177] WARN  o.e.m.c.i.embedder.EclipseLogger - Using platform encoding (Cp1250 actually) to copy filtered resources, i.e. build is platform dependent!
2016-12-30 15:00:19,927 [Worker-177] INFO  o.e.m.c.i.embedder.EclipseLogger - Copying 1 resource
2016-12-30 15:00:19,940 [Worker-177] WARN  o.e.m.c.i.embedder.EclipseLogger - Using platform encoding (Cp1250 actually) to copy filtered resources, i.e. build is platform dependent!
2016-12-30 15:00:19,948 [Worker-177] INFO  o.e.m.c.i.embedder.EclipseLogger - skip non existing resourceDirectory C:\Users\Comarch\Documents\Java\Spring_MVC\FitnessTracker\src\test\resources
2016-12-30 15:00:28,904 [Worker-178] WARN  o.e.m.c.i.embedder.EclipseLogger - Using platform encoding (Cp1250 actually) to copy filtered resources, i.e. build is platform dependent!
2016-12-30 15:00:28,919 [Worker-178] INFO  o.e.m.c.i.embedder.EclipseLogger - Copying 1 resource
2016-12-30 15:00:28,927 [Worker-178] WARN  o.e.m.c.i.embedder.EclipseLogger - Using platform encoding (Cp1250 actually) to copy filtered resources, i.e. build is platform dependent!
2016-12-30 15:00:28,936 [Worker-178] INFO  o.e.m.c.i.embedder.EclipseLogger - skip non existing resourceDirectory C:\Users\Comarch\Documents\Java\Spring_MVC\FitnessTracker\src\test\resources
2016-12-30 15:00:49,355 [Worker-177] WARN  o.e.m.c.i.embedder.EclipseLogger - Using platform encoding (Cp1250 actually) to copy filtered resources, i.e. build is platform dependent!
2016-12-30 15:00:49,361 [Worker-177] INFO  o.e.m.c.i.embedder.EclipseLogger - Copying 1 resource
2016-12-30 15:00:49,367 [Worker-177] WARN  o.e.m.c.i.embedder.EclipseLogger - Using platform encoding (Cp1250 actually) to copy filtered resources, i.e. build is platform dependent!
2016-12-30 15:00:49,373 [Worker-177] INFO  o.e.m.c.i.embedder.EclipseLogger - skip non existing resourceDirectory C:\Users\Comarch\Documents\Java\Spring_MVC\FitnessTracker\src\test\resources
2016-12-30 15:01:28,404 [Worker-159] WARN  o.e.m.c.i.embedder.EclipseLogger - Using platform encoding (Cp1250 actually) to copy filtered resources, i.e. build is platform dependent!
2016-12-30 15:01:28,412 [Worker-159] INFO  o.e.m.c.i.embedder.EclipseLogger - Copying 0 resource
2016-12-30 15:01:28,413 [Worker-159] WARN  o.e.m.c.i.embedder.EclipseLogger - Using platform encoding (Cp1250 actually) to copy filtered resources, i.e. build is platform dependent!
2016-12-30 15:01:28,420 [Worker-159] INFO  o.e.m.c.i.embedder.EclipseLogger - skip non existing resourceDirectory C:\Users\Comarch\Documents\Java\Spring_MVC\FitnessTracker\src\test\resources
2016-12-30 15:01:37,979 [Worker-179] WARN  o.e.m.c.i.embedder.EclipseLogger - Using platform encoding (Cp1250 actually) to copy filtered resources, i.e. build is platform dependent!
2016-12-30 15:01:38,009 [Worker-179] INFO  o.e.m.c.i.embedder.EclipseLogger - Copying 0 resource
2016-12-30 15:01:38,010 [Worker-179] WARN  o.e.m.c.i.embedder.EclipseLogger - Using platform encoding (Cp1250 actually) to copy filtered resources, i.e. build is platform dependent!
2016-12-30 15:01:38,017 [Worker-179] INFO  o.e.m.c.i.embedder.EclipseLogger - skip non existing resourceDirectory C:\Users\Comarch\Documents\Java\Spring_MVC\FitnessTracker\src\test\resources
2016-12-30 15:03:19,076 [Worker-177] WARN  o.e.m.c.i.embedder.EclipseLogger - Using platform encoding (Cp1250 actually) to copy filtered resources, i.e. build is platform dependent!
2016-12-30 15:03:19,190 [Worker-177] INFO  o.e.m.c.i.embedder.EclipseLogger - Copying 0 resource
2016-12-30 15:03:19,191 [Worker-177] WARN  o.e.m.c.i.embedder.EclipseLogger - Using platform encoding (Cp1250 actually) to copy filtered resources, i.e. build is platform dependent!
2016-12-30 15:03:19,219 [Worker-177] INFO  o.e.m.c.i.embedder.EclipseLogger - skip non existing resourceDirectory C:\Users\Comarch\Documents\Java\Spring_MVC\FitnessTracker\src\test\resources
2016-12-30 15:04:54,029 [Worker-179] WARN  o.e.m.c.i.embedder.EclipseLogger - Using platform encoding (Cp1250 actually) to copy filtered resources, i.e. build is platform dependent!
2016-12-30 15:04:54,037 [Worker-179] INFO  o.e.m.c.i.embedder.EclipseLogger - Copying 0 resource
2016-12-30 15:04:54,038 [Worker-179] WARN  o.e.m.c.i.embedder.EclipseLogger - Using platform encoding (Cp1250 actually) to copy filtered resources, i.e. build is platform dependent!
2016-12-30 15:04:54,046 [Worker-179] INFO  o.e.m.c.i.embedder.EclipseLogger - skip non existing resourceDirectory C:\Users\Comarch\Documents\Java\Spring_MVC\FitnessTracker\src\test\resources
2016-12-30 15:05:07,442 [Worker-179] WARN  o.e.m.c.i.embedder.EclipseLogger - Using platform encoding (Cp1250 actually) to copy filtered resources, i.e. build is platform dependent!
2016-12-30 15:05:07,455 [Worker-179] INFO  o.e.m.c.i.embedder.EclipseLogger - Copying 0 resource
2016-12-30 15:05:07,467 [Worker-179] WARN  o.e.m.c.i.embedder.EclipseLogger - Using platform encoding (Cp1250 actually) to copy filtered resources, i.e. build is platform dependent!
2016-12-30 15:05:07,486 [Worker-179] INFO  o.e.m.c.i.embedder.EclipseLogger - skip non existing resourceDirectory C:\Users\Comarch\Documents\Java\Spring_MVC\FitnessTracker\src\test\resources
2017-01-02 14:10:52,472 [Worker-43] WARN  o.e.m.c.i.embedder.EclipseLogger - Using platform encoding (Cp1250 actually) to copy filtered resources, i.e. build is platform dependent!
2017-01-02 14:10:52,553 [Worker-43] INFO  o.e.m.c.i.embedder.EclipseLogger - Copying 3 resources
2017-01-02 14:10:52,571 [Worker-43] WARN  o.e.m.c.i.embedder.EclipseLogger - Using platform encoding (Cp1250 actually) to copy filtered resources, i.e. build is platform dependent!
2017-01-02 14:10:52,580 [Worker-43] INFO  o.e.m.c.i.embedder.EclipseLogger - skip non existing resourceDirectory C:\Users\Comarch\Documents\Java\PluralsightSpring\FitnessTracker\src\test\resources
2017-01-02 14:11:47,441 [Worker-37] WARN  o.e.m.c.i.embedder.EclipseLogger - Using platform encoding (Cp1250 actually) to copy filtered resources, i.e. build is platform dependent!
2017-01-02 14:11:47,481 [Worker-37] INFO  o.e.m.c.i.embedder.EclipseLogger - Copying 0 resource
2017-01-02 14:11:47,489 [Worker-37] WARN  o.e.m.c.i.embedder.EclipseLogger - Using platform encoding (Cp1250 actually) to copy filtered resources, i.e. build is platform dependent!
2017-01-02 14:11:47,500 [Worker-37] INFO  o.e.m.c.i.embedder.EclipseLogger - skip non existing resourceDirectory C:\Users\Comarch\Documents\Java\PluralsightSpring\FitnessTracker\src\test\resources
2017-01-02 14:18:19,331 [Worker-49] WARN  o.e.m.c.i.embedder.EclipseLogger - Using platform encoding (Cp1250 actually) to copy filtered resources, i.e. build is platform dependent!
2017-01-02 14:18:19,375 [Worker-49] INFO  o.e.m.c.i.embedder.EclipseLogger - Copying 0 resource
2017-01-02 14:18:19,377 [Worker-49] WARN  o.e.m.c.i.embedder.EclipseLogger - Using platform encoding (Cp1250 actually) to copy filtered resources, i.e. build is platform dependent!
2017-01-02 14:18:19,420 [Worker-49] INFO  o.e.m.c.i.embedder.EclipseLogger - skip non existing resourceDirectory C:\Users\Comarch\Documents\Java\PluralsightSpring\FitnessTracker\src\test\resources
2017-01-02 14:20:47,859 [Worker-49] WARN  o.e.m.c.i.embedder.EclipseLogger - Using platform encoding (Cp1250 actually) to copy filtered resources, i.e. build is platform dependent!
2017-01-02 14:20:47,872 [Worker-49] INFO  o.e.m.c.i.embedder.EclipseLogger - Copying 0 resource
2017-01-02 14:20:47,875 [Worker-49] WARN  o.e.m.c.i.embedder.EclipseLogger - Using platform encoding (Cp1250 actually) to copy filtered resources, i.e. build is platform dependent!
2017-01-02 14:20:47,912 [Worker-49] INFO  o.e.m.c.i.embedder.EclipseLogger - skip non existing resourceDirectory C:\Users\Comarch\Documents\Java\PluralsightSpring\FitnessTracker\src\test\resources
2017-01-02 14:23:30,733 [Worker-49] WARN  o.e.m.c.i.embedder.EclipseLogger - Using platform encoding (Cp1250 actually) to copy filtered resources, i.e. build is platform dependent!
2017-01-02 14:23:30,753 [Worker-49] INFO  o.e.m.c.i.embedder.EclipseLogger - Copying 0 resource
2017-01-02 14:23:30,754 [Worker-49] WARN  o.e.m.c.i.embedder.EclipseLogger - Using platform encoding (Cp1250 actually) to copy filtered resources, i.e. build is platform dependent!
2017-01-02 14:23:30,767 [Worker-49] INFO  o.e.m.c.i.embedder.EclipseLogger - skip non existing resourceDirectory C:\Users\Comarch\Documents\Java\PluralsightSpring\FitnessTracker\src\test\resources
2017-01-02 14:25:04,290 [Worker-49] WARN  o.e.m.c.i.embedder.EclipseLogger - Using platform encoding (Cp1250 actually) to copy filtered resources, i.e. build is platform dependent!
2017-01-02 14:25:04,309 [Worker-49] INFO  o.e.m.c.i.embedder.EclipseLogger - Copying 0 resource
2017-01-02 14:25:04,316 [Worker-49] WARN  o.e.m.c.i.embedder.EclipseLogger - Using platform encoding (Cp1250 actually) to copy filtered resources, i.e. build is platform dependent!
2017-01-02 14:25:04,357 [Worker-49] INFO  o.e.m.c.i.embedder.EclipseLogger - skip non existing resourceDirectory C:\Users\Comarch\Documents\Java\PluralsightSpring\FitnessTracker\src\test\resources
2017-01-02 14:25:57,462 [Worker-49] WARN  o.e.m.c.i.embedder.EclipseLogger - Using platform encoding (Cp1250 actually) to copy filtered resources, i.e. build is platform dependent!
2017-01-02 14:25:57,474 [Worker-49] INFO  o.e.m.c.i.embedder.EclipseLogger - Copying 1 resource
2017-01-02 14:25:57,499 [Worker-49] WARN  o.e.m.c.i.embedder.EclipseLogger - Using platform encoding (Cp1250 actually) to copy filtered resources, i.e. build is platform dependent!
2017-01-02 14:25:57,523 [Worker-49] INFO  o.e.m.c.i.embedder.EclipseLogger - skip non existing resourceDirectory C:\Users\Comarch\Documents\Java\PluralsightSpring\FitnessTracker\src\test\resources
2017-01-02 14:26:07,443 [Worker-49] WARN  o.e.m.c.i.embedder.EclipseLogger - Using platform encoding (Cp1250 actually) to copy filtered resources, i.e. build is platform dependent!
2017-01-02 14:26:07,462 [Worker-49] INFO  o.e.m.c.i.embedder.EclipseLogger - Copying 1 resource
2017-01-02 14:26:07,489 [Worker-49] WARN  o.e.m.c.i.embedder.EclipseLogger - Using platform encoding (Cp1250 actually) to copy filtered resources, i.e. build is platform dependent!
2017-01-02 14:26:07,552 [Worker-49] INFO  o.e.m.c.i.embedder.EclipseLogger - skip non existing resourceDirectory C:\Users\Comarch\Documents\Java\PluralsightSpring\FitnessTracker\src\test\resources
2017-01-02 14:38:09,144 [Worker-59] WARN  o.e.m.c.i.embedder.EclipseLogger - Using platform encoding (Cp1250 actually) to copy filtered resources, i.e. build is platform dependent!
2017-01-02 14:38:09,191 [Worker-59] INFO  o.e.m.c.i.embedder.EclipseLogger - Copying 0 resource
2017-01-02 14:38:09,192 [Worker-59] WARN  o.e.m.c.i.embedder.EclipseLogger - Using platform encoding (Cp1250 actually) to copy filtered resources, i.e. build is platform dependent!
2017-01-02 14:38:09,212 [Worker-59] INFO  o.e.m.c.i.embedder.EclipseLogger - skip non existing resourceDirectory C:\Users\Comarch\Documents\Java\PluralsightSpring\FitnessTracker\src\test\resources
2017-01-02 14:38:30,894 [Worker-58] WARN  o.e.m.c.i.embedder.EclipseLogger - Using platform encoding (Cp1250 actually) to copy filtered resources, i.e. build is platform dependent!
2017-01-02 14:38:30,957 [Worker-58] INFO  o.e.m.c.i.embedder.EclipseLogger - Copying 0 resource
2017-01-02 14:38:30,960 [Worker-58] WARN  o.e.m.c.i.embedder.EclipseLogger - Using platform encoding (Cp1250 actually) to copy filtered resources, i.e. build is platform dependent!
2017-01-02 14:38:30,983 [Worker-58] INFO  o.e.m.c.i.embedder.EclipseLogger - skip non existing resourceDirectory C:\Users\Comarch\Documents\Java\PluralsightSpring\FitnessTracker\src\test\resources
2017-01-02 14:39:31,378 [Worker-57] WARN  o.e.m.c.i.embedder.EclipseLogger - Using platform encoding (Cp1250 actually) to copy filtered resources, i.e. build is platform dependent!
2017-01-02 14:39:31,390 [Worker-57] INFO  o.e.m.c.i.embedder.EclipseLogger - Copying 0 resource
2017-01-02 14:39:31,392 [Worker-57] WARN  o.e.m.c.i.embedder.EclipseLogger - Using platform encoding (Cp1250 actually) to copy filtered resources, i.e. build is platform dependent!
2017-01-02 14:39:31,409 [Worker-57] INFO  o.e.m.c.i.embedder.EclipseLogger - skip non existing resourceDirectory C:\Users\Comarch\Documents\Java\PluralsightSpring\FitnessTracker\src\test\resources
2017-01-02 14:41:27,038 [Worker-57] WARN  o.e.m.c.i.embedder.EclipseLogger - Using platform encoding (Cp1250 actually) to copy filtered resources, i.e. build is platform dependent!
2017-01-02 14:41:27,070 [Worker-57] INFO  o.e.m.c.i.embedder.EclipseLogger - Copying 0 resource
2017-01-02 14:41:27,073 [Worker-57] WARN  o.e.m.c.i.embedder.EclipseLogger - Using platform encoding (Cp1250 actually) to copy filtered resources, i.e. build is platform dependent!
2017-01-02 14:41:27,090 [Worker-57] INFO  o.e.m.c.i.embedder.EclipseLogger - skip non existing resourceDirectory C:\Users\Comarch\Documents\Java\PluralsightSpring\FitnessTracker\src\test\resources
2017-01-02 14:41:40,527 [Worker-57] WARN  o.e.m.c.i.embedder.EclipseLogger - Using platform encoding (Cp1250 actually) to copy filtered resources, i.e. build is platform dependent!
2017-01-02 14:41:40,582 [Worker-57] INFO  o.e.m.c.i.embedder.EclipseLogger - Copying 0 resource
2017-01-02 14:41:40,584 [Worker-57] WARN  o.e.m.c.i.embedder.EclipseLogger - Using platform encoding (Cp1250 actually) to copy filtered resources, i.e. build is platform dependent!
2017-01-02 14:41:40,600 [Worker-57] INFO  o.e.m.c.i.embedder.EclipseLogger - skip non existing resourceDirectory C:\Users\Comarch\Documents\Java\PluralsightSpring\FitnessTracker\src\test\resources
2017-01-02 14:42:38,569 [Worker-57] WARN  o.e.m.c.i.embedder.EclipseLogger - Using platform encoding (Cp1250 actually) to copy filtered resources, i.e. build is platform dependent!
2017-01-02 14:42:38,596 [Worker-57] INFO  o.e.m.c.i.embedder.EclipseLogger - Copying 0 resource
2017-01-02 14:42:38,599 [Worker-57] WARN  o.e.m.c.i.embedder.EclipseLogger - Using platform encoding (Cp1250 actually) to copy filtered resources, i.e. build is platform dependent!
2017-01-02 14:42:38,624 [Worker-57] INFO  o.e.m.c.i.embedder.EclipseLogger - skip non existing resourceDirectory C:\Users\Comarch\Documents\Java\PluralsightSpring\FitnessTracker\src\test\resources
2017-01-02 14:43:36,680 [Worker-56] WARN  o.e.m.c.i.embedder.EclipseLogger - Using platform encoding (Cp1250 actually) to copy filtered resources, i.e. build is platform dependent!
2017-01-02 14:43:36,728 [Worker-56] INFO  o.e.m.c.i.embedder.EclipseLogger - Copying 0 resource
2017-01-02 14:43:36,730 [Worker-56] WARN  o.e.m.c.i.embedder.EclipseLogger - Using platform encoding (Cp1250 actually) to copy filtered resources, i.e. build is platform dependent!
2017-01-02 14:43:36,758 [Worker-56] INFO  o.e.m.c.i.embedder.EclipseLogger - skip non existing resourceDirectory C:\Users\Comarch\Documents\Java\PluralsightSpring\FitnessTracker\src\test\resources
2017-01-02 14:44:02,840 [Worker-59] WARN  o.e.m.c.i.embedder.EclipseLogger - Using platform encoding (Cp1250 actually) to copy filtered resources, i.e. build is platform dependent!
2017-01-02 14:44:03,117 [Worker-59] INFO  o.e.m.c.i.embedder.EclipseLogger - Copying 2 resources
2017-01-02 14:44:03,125 [Worker-59] WARN  o.e.m.c.i.embedder.EclipseLogger - Using platform encoding (Cp1250 actually) to copy filtered resources, i.e. build is platform dependent!
2017-01-02 14:44:03,182 [Worker-59] INFO  o.e.m.c.i.embedder.EclipseLogger - skip non existing resourceDirectory C:\Users\Comarch\Documents\Java\PluralsightSpring\FitnessTracker\src\test\resources
2017-01-02 14:44:41,453 [Worker-57] WARN  o.e.m.c.i.embedder.EclipseLogger - Using platform encoding (Cp1250 actually) to copy filtered resources, i.e. build is platform dependent!
2017-01-02 14:44:41,479 [Worker-57] INFO  o.e.m.c.i.embedder.EclipseLogger - Copying 2 resources
2017-01-02 14:44:41,481 [Worker-57] WARN  o.e.m.c.i.embedder.EclipseLogger - Using platform encoding (Cp1250 actually) to copy filtered resources, i.e. build is platform dependent!
2017-01-02 14:44:41,563 [Worker-57] INFO  o.e.m.c.i.embedder.EclipseLogger - skip non existing resourceDirectory C:\Users\Comarch\Documents\Java\PluralsightSpring\FitnessTracker\src\test\resources
2017-01-02 14:44:46,996 [Worker-61] WARN  o.e.m.c.i.embedder.EclipseLogger - Using platform encoding (Cp1250 actually) to copy filtered resources, i.e. build is platform dependent!
2017-01-02 14:44:47,025 [Worker-61] INFO  o.e.m.c.i.embedder.EclipseLogger - Copying 2 resources
2017-01-02 14:44:47,033 [Worker-61] WARN  o.e.m.c.i.embedder.EclipseLogger - Using platform encoding (Cp1250 actually) to copy filtered resources, i.e. build is platform dependent!
2017-01-02 14:44:47,072 [Worker-61] INFO  o.e.m.c.i.embedder.EclipseLogger - skip non existing resourceDirectory C:\Users\Comarch\Documents\Java\PluralsightSpring\FitnessTracker\src\test\resources
2017-01-02 14:45:28,357 [Worker-59] WARN  o.e.m.c.i.embedder.EclipseLogger - Using platform encoding (Cp1250 actually) to copy filtered resources, i.e. build is platform dependent!
2017-01-02 14:45:28,376 [Worker-59] INFO  o.e.m.c.i.embedder.EclipseLogger - Copying 2 resources
2017-01-02 14:45:28,378 [Worker-59] WARN  o.e.m.c.i.embedder.EclipseLogger - Using platform encoding (Cp1250 actually) to copy filtered resources, i.e. build is platform dependent!
2017-01-02 14:45:28,421 [Worker-59] INFO  o.e.m.c.i.embedder.EclipseLogger - skip non existing resourceDirectory C:\Users\Comarch\Documents\Java\PluralsightSpring\FitnessTracker\src\test\resources
2017-01-02 14:46:13,414 [Worker-58] WARN  o.e.m.c.i.embedder.EclipseLogger - Using platform encoding (Cp1250 actually) to copy filtered resources, i.e. build is platform dependent!
2017-01-02 14:46:13,429 [Worker-58] INFO  o.e.m.c.i.embedder.EclipseLogger - Copying 2 resources
2017-01-02 14:46:13,433 [Worker-58] WARN  o.e.m.c.i.embedder.EclipseLogger - Using platform encoding (Cp1250 actually) to copy filtered resources, i.e. build is platform dependent!
2017-01-02 14:46:13,447 [Worker-58] INFO  o.e.m.c.i.embedder.EclipseLogger - skip non existing resourceDirectory C:\Users\Comarch\Documents\Java\PluralsightSpring\FitnessTracker\src\test\resources
2017-01-02 14:47:13,068 [Worker-58] WARN  o.e.m.c.i.embedder.EclipseLogger - Using platform encoding (Cp1250 actually) to copy filtered resources, i.e. build is platform dependent!
2017-01-02 14:47:13,128 [Worker-58] INFO  o.e.m.c.i.embedder.EclipseLogger - Copying 2 resources
2017-01-02 14:47:13,131 [Worker-58] WARN  o.e.m.c.i.embedder.EclipseLogger - Using platform encoding (Cp1250 actually) to copy filtered resources, i.e. build is platform dependent!
2017-01-02 14:47:13,145 [Worker-58] INFO  o.e.m.c.i.embedder.EclipseLogger - skip non existing resourceDirectory C:\Users\Comarch\Documents\Java\PluralsightSpring\FitnessTracker\src\test\resources
2017-01-02 14:48:40,401 [Worker-58] WARN  o.e.m.c.i.embedder.EclipseLogger - Using platform encoding (Cp1250 actually) to copy filtered resources, i.e. build is platform dependent!
2017-01-02 14:48:40,429 [Worker-58] INFO  o.e.m.c.i.embedder.EclipseLogger - Copying 2 resources
2017-01-02 14:48:40,432 [Worker-58] WARN  o.e.m.c.i.embedder.EclipseLogger - Using platform encoding (Cp1250 actually) to copy filtered resources, i.e. build is platform dependent!
2017-01-02 14:48:40,450 [Worker-58] INFO  o.e.m.c.i.embedder.EclipseLogger - skip non existing resourceDirectory C:\Users\Comarch\Documents\Java\PluralsightSpring\FitnessTracker\src\test\resources
2017-01-02 14:50:53,561 [Worker-56] WARN  o.e.m.c.i.embedder.EclipseLogger - Using platform encoding (Cp1250 actually) to copy filtered resources, i.e. build is platform dependent!
2017-01-02 14:50:53,576 [Worker-56] INFO  o.e.m.c.i.embedder.EclipseLogger - Copying 2 resources
2017-01-02 14:50:53,584 [Worker-56] WARN  o.e.m.c.i.embedder.EclipseLogger - Using platform encoding (Cp1250 actually) to copy filtered resources, i.e. build is platform dependent!
2017-01-02 14:50:53,644 [Worker-56] INFO  o.e.m.c.i.embedder.EclipseLogger - skip non existing resourceDirectory C:\Users\Comarch\Documents\Java\PluralsightSpring\FitnessTracker\src\test\resources
2017-01-02 14:51:55,322 [Worker-57] WARN  o.e.m.c.i.embedder.EclipseLogger - Using platform encoding (Cp1250 actually) to copy filtered resources, i.e. build is platform dependent!
2017-01-02 14:51:55,339 [Worker-57] INFO  o.e.m.c.i.embedder.EclipseLogger - Copying 2 resources
2017-01-02 14:51:55,344 [Worker-57] WARN  o.e.m.c.i.embedder.EclipseLogger - Using platform encoding (Cp1250 actually) to copy filtered resources, i.e. build is platform dependent!
2017-01-02 14:51:55,390 [Worker-57] INFO  o.e.m.c.i.embedder.EclipseLogger - skip non existing resourceDirectory C:\Users\Comarch\Documents\Java\PluralsightSpring\FitnessTracker\src\test\resources
2017-01-02 14:53:25,886 [Worker-63] WARN  o.e.m.c.i.embedder.EclipseLogger - Using platform encoding (Cp1250 actually) to copy filtered resources, i.e. build is platform dependent!
2017-01-02 14:53:25,922 [Worker-63] INFO  o.e.m.c.i.embedder.EclipseLogger - Copying 2 resources
2017-01-02 14:53:25,923 [Worker-63] WARN  o.e.m.c.i.embedder.EclipseLogger - Using platform encoding (Cp1250 actually) to copy filtered resources, i.e. build is platform dependent!
2017-01-02 14:53:25,945 [Worker-63] INFO  o.e.m.c.i.embedder.EclipseLogger - skip non existing resourceDirectory C:\Users\Comarch\Documents\Java\PluralsightSpring\FitnessTracker\src\test\resources
2017-01-02 14:57:15,464 [Worker-63] WARN  o.e.m.c.i.embedder.EclipseLogger - Using platform encoding (Cp1250 actually) to copy filtered resources, i.e. build is platform dependent!
2017-01-02 14:57:15,511 [Worker-63] INFO  o.e.m.c.i.embedder.EclipseLogger - Copying 2 resources
2017-01-02 14:57:15,514 [Worker-63] WARN  o.e.m.c.i.embedder.EclipseLogger - Using platform encoding (Cp1250 actually) to copy filtered resources, i.e. build is platform dependent!
2017-01-02 14:57:15,588 [Worker-63] INFO  o.e.m.c.i.embedder.EclipseLogger - skip non existing resourceDirectory C:\Users\Comarch\Documents\Java\PluralsightSpring\FitnessTracker\src\test\resources
2017-01-02 14:57:50,635 [Worker-64] WARN  o.e.m.c.i.embedder.EclipseLogger - Using platform encoding (Cp1250 actually) to copy filtered resources, i.e. build is platform dependent!
2017-01-02 14:57:50,657 [Worker-64] INFO  o.e.m.c.i.embedder.EclipseLogger - Copying 2 resources
2017-01-02 14:57:50,658 [Worker-64] WARN  o.e.m.c.i.embedder.EclipseLogger - Using platform encoding (Cp1250 actually) to copy filtered resources, i.e. build is platform dependent!
2017-01-02 14:57:50,669 [Worker-64] INFO  o.e.m.c.i.embedder.EclipseLogger - skip non existing resourceDirectory C:\Users\Comarch\Documents\Java\PluralsightSpring\FitnessTracker\src\test\resources
2017-01-02 15:00:52,507 [Worker-67] WARN  o.e.m.c.i.embedder.EclipseLogger - Using platform encoding (Cp1250 actually) to copy filtered resources, i.e. build is platform dependent!
2017-01-02 15:00:52,519 [Worker-67] INFO  o.e.m.c.i.embedder.EclipseLogger - Copying 0 resource
2017-01-02 15:00:52,522 [Worker-67] WARN  o.e.m.c.i.embedder.EclipseLogger - Using platform encoding (Cp1250 actually) to copy filtered resources, i.e. build is platform dependent!
2017-01-02 15:00:52,532 [Worker-67] INFO  o.e.m.c.i.embedder.EclipseLogger - skip non existing resourceDirectory C:\Users\Comarch\Documents\Java\PluralsightSpring\FitnessTracker\src\test\resources
2017-01-02 15:21:41,480 [Worker-70] INFO  o.e.m.c.i.l.LifecycleMappingFactory - Using org.maven.ide.eclipse.wtp.WarLifecycleMapping lifecycle mapping for MavenProject: com.pluralsight:FitnessTracker:0.0.1-SNAPSHOT @ C:\Users\Comarch\Documents\Java\PluralsightSpring\FitnessTracker\pom.xml.
2017-01-02 15:21:42,127 [Worker-70] INFO  o.e.m.c.i.e.AbstractTransferListenerAdapter - Downloading https://repo.maven.apache.org/maven2/org/hibernate/hibernate-validator/5.3.4.Final/hibernate-validator-5.3.4.Final.pom
2017-01-02 15:21:42,194 [Worker-70] INFO  o.e.m.c.i.e.AbstractTransferListenerAdapter - Downloaded https://repo.maven.apache.org/maven2/org/hibernate/hibernate-validator/5.3.4.Final/hibernate-validator-5.3.4.Final.pom
2017-01-02 15:21:42,250 [Worker-70] INFO  o.e.m.c.i.e.AbstractTransferListenerAdapter - Downloading https://repo.maven.apache.org/maven2/org/hibernate/hibernate-validator-parent/5.3.4.Final/hibernate-validator-parent-5.3.4.Final.pom
2017-01-02 15:21:42,323 [Worker-70] INFO  o.e.m.c.i.e.AbstractTransferListenerAdapter - Downloaded https://repo.maven.apache.org/maven2/org/hibernate/hibernate-validator-parent/5.3.4.Final/hibernate-validator-parent-5.3.4.Final.pom
2017-01-02 15:21:42,387 [Worker-70] INFO  o.e.m.c.i.e.AbstractTransferListenerAdapter - Downloading https://repo.maven.apache.org/maven2/org/jboss/arquillian/arquillian-bom/1.1.11.Final/arquillian-bom-1.1.11.Final.pom
2017-01-02 15:21:42,432 [Worker-70] INFO  o.e.m.c.i.e.AbstractTransferListenerAdapter - Downloaded https://repo.maven.apache.org/maven2/org/jboss/arquillian/arquillian-bom/1.1.11.Final/arquillian-bom-1.1.11.Final.pom
2017-01-02 15:21:42,500 [Worker-70] INFO  o.e.m.c.i.e.AbstractTransferListenerAdapter - Downloading https://repo.maven.apache.org/maven2/org/jboss/shrinkwrap/shrinkwrap-bom/1.2.3/shrinkwrap-bom-1.2.3.pom
2017-01-02 15:21:42,544 [Worker-70] INFO  o.e.m.c.i.e.AbstractTransferListenerAdapter - Downloaded https://repo.maven.apache.org/maven2/org/jboss/shrinkwrap/shrinkwrap-bom/1.2.3/shrinkwrap-bom-1.2.3.pom
2017-01-02 15:21:42,610 [Worker-70] INFO  o.e.m.c.i.e.AbstractTransferListenerAdapter - Downloading https://repo.maven.apache.org/maven2/org/jboss/shrinkwrap/resolver/shrinkwrap-resolver-bom/2.2.0/shrinkwrap-resolver-bom-2.2.0.pom
2017-01-02 15:21:42,651 [Worker-70] INFO  o.e.m.c.i.e.AbstractTransferListenerAdapter - Downloaded https://repo.maven.apache.org/maven2/org/jboss/shrinkwrap/resolver/shrinkwrap-resolver-bom/2.2.0/shrinkwrap-resolver-bom-2.2.0.pom
2017-01-02 15:21:42,699 [Worker-70] INFO  o.e.m.c.i.e.AbstractTransferListenerAdapter - Downloading https://repo.maven.apache.org/maven2/org/jboss/shrinkwrap/descriptors/shrinkwrap-descriptors-bom/2.0.0-alpha-8/shrinkwrap-descriptors-bom-2.0.0-alpha-8.pom
2017-01-02 15:21:42,743 [Worker-70] INFO  o.e.m.c.i.e.AbstractTransferListenerAdapter - Downloaded https://repo.maven.apache.org/maven2/org/jboss/shrinkwrap/descriptors/shrinkwrap-descriptors-bom/2.0.0-alpha-8/shrinkwrap-descriptors-bom-2.0.0-alpha-8.pom
2017-01-02 15:21:42,974 [Worker-70] INFO  o.e.m.c.i.e.AbstractTransferListenerAdapter - Downloading https://repo.maven.apache.org/maven2/com/fasterxml/classmate/1.3.1/classmate-1.3.1.pom
2017-01-02 15:21:43,018 [Worker-70] INFO  o.e.m.c.i.e.AbstractTransferListenerAdapter - Downloaded https://repo.maven.apache.org/maven2/com/fasterxml/classmate/1.3.1/classmate-1.3.1.pom
2017-01-02 15:21:43,065 [Worker-70] INFO  o.e.m.c.i.e.AbstractTransferListenerAdapter - Downloading https://repo.maven.apache.org/maven2/com/fasterxml/oss-parent/24/oss-parent-24.pom
2017-01-02 15:21:43,113 [Worker-70] INFO  o.e.m.c.i.e.AbstractTransferListenerAdapter - Downloaded https://repo.maven.apache.org/maven2/com/fasterxml/oss-parent/24/oss-parent-24.pom
2017-01-02 15:21:43,179 [Worker-70] INFO  o.e.m.c.i.e.AbstractTransferListenerAdapter - Downloading https://repo.maven.apache.org/maven2/org/hibernate/hibernate-validator/5.3.4.Final/hibernate-validator-5.3.4.Final.jar
2017-01-02 15:21:43,398 [Worker-70] INFO  o.e.m.c.i.e.AbstractTransferListenerAdapter - Downloaded https://repo.maven.apache.org/maven2/org/hibernate/hibernate-validator/5.3.4.Final/hibernate-validator-5.3.4.Final.jar
2017-01-02 15:21:43,430 [Worker-70] INFO  o.e.m.c.i.e.AbstractTransferListenerAdapter - Downloading https://repo.maven.apache.org/maven2/com/fasterxml/classmate/1.3.1/classmate-1.3.1.jar
2017-01-02 15:21:43,543 [Worker-70] INFO  o.e.m.c.i.e.AbstractTransferListenerAdapter - Downloaded https://repo.maven.apache.org/maven2/com/fasterxml/classmate/1.3.1/classmate-1.3.1.jar
2017-01-02 15:21:47,805 [Worker-70] WARN  o.e.m.c.i.embedder.EclipseLogger - Using platform encoding (Cp1250 actually) to copy filtered resources, i.e. build is platform dependent!
2017-01-02 15:21:47,820 [Worker-70] INFO  o.e.m.c.i.embedder.EclipseLogger - Copying 0 resource
2017-01-02 15:21:47,822 [Worker-70] WARN  o.e.m.c.i.embedder.EclipseLogger - Using platform encoding (Cp1250 actually) to copy filtered resources, i.e. build is platform dependent!
2017-01-02 15:21:47,842 [Worker-70] INFO  o.e.m.c.i.embedder.EclipseLogger - skip non existing resourceDirectory C:\Users\Comarch\Documents\Java\PluralsightSpring\FitnessTracker\src\test\resources
2017-01-02 15:21:47,856 [Worker-70] INFO  o.e.m.w.i.f.ResourceFilteringBuildParticipant - Changed resources require a complete clean of filtered resources of FitnessTracker
2017-01-02 15:21:47,858 [Worker-70] INFO  o.e.m.w.i.f.ResourceFilteringBuildParticipant - Executing resource filtering for FitnessTracker
2017-01-02 15:21:47,895 [Worker-70] WARN  o.e.m.c.i.embedder.EclipseLogger - Using platform encoding (Cp1250 actually) to copy filtered resources, i.e. build is platform dependent!
2017-01-02 15:21:51,410 [Worker-73] WARN  o.e.m.c.i.embedder.EclipseLogger - Using platform encoding (Cp1250 actually) to copy filtered resources, i.e. build is platform dependent!
2017-01-02 15:21:51,435 [Worker-73] INFO  o.e.m.c.i.embedder.EclipseLogger - Copying 2 resources
2017-01-02 15:21:51,464 [Worker-73] WARN  o.e.m.c.i.embedder.EclipseLogger - Using platform encoding (Cp1250 actually) to copy filtered resources, i.e. build is platform dependent!
2017-01-02 15:21:51,483 [Worker-73] INFO  o.e.m.c.i.embedder.EclipseLogger - skip non existing resourceDirectory C:\Users\Comarch\Documents\Java\PluralsightSpring\FitnessTracker\src\test\resources
2017-01-02 15:32:25,704 [Worker-79] WARN  o.e.m.c.i.embedder.EclipseLogger - Using platform encoding (Cp1250 actually) to copy filtered resources, i.e. build is platform dependent!
2017-01-02 15:32:25,738 [Worker-79] INFO  o.e.m.c.i.embedder.EclipseLogger - Copying 2 resources
2017-01-02 15:32:25,742 [Worker-79] WARN  o.e.m.c.i.embedder.EclipseLogger - Using platform encoding (Cp1250 actually) to copy filtered resources, i.e. build is platform dependent!
2017-01-02 15:32:25,765 [Worker-79] INFO  o.e.m.c.i.embedder.EclipseLogger - skip non existing resourceDirectory C:\Users\Comarch\Documents\Java\PluralsightSpring\FitnessTracker\src\test\resources
2017-01-02 15:35:08,610 [Worker-77] WARN  o.e.m.c.i.embedder.EclipseLogger - Using platform encoding (Cp1250 actually) to copy filtered resources, i.e. build is platform dependent!
2017-01-02 15:35:08,620 [Worker-77] INFO  o.e.m.c.i.embedder.EclipseLogger - Copying 2 resources
2017-01-02 15:35:08,624 [Worker-77] WARN  o.e.m.c.i.embedder.EclipseLogger - Using platform encoding (Cp1250 actually) to copy filtered resources, i.e. build is platform dependent!
2017-01-02 15:35:08,645 [Worker-77] INFO  o.e.m.c.i.embedder.EclipseLogger - skip non existing resourceDirectory C:\Users\Comarch\Documents\Java\PluralsightSpring\FitnessTracker\src\test\resources
2017-01-02 15:36:49,988 [Worker-81] WARN  o.e.m.c.i.embedder.EclipseLogger - Using platform encoding (Cp1250 actually) to copy filtered resources, i.e. build is platform dependent!
2017-01-02 15:36:50,133 [Worker-81] INFO  o.e.m.c.i.embedder.EclipseLogger - Copying 2 resources
2017-01-02 15:36:50,138 [Worker-81] WARN  o.e.m.c.i.embedder.EclipseLogger - Using platform encoding (Cp1250 actually) to copy filtered resources, i.e. build is platform dependent!
2017-01-02 15:36:50,164 [Worker-81] INFO  o.e.m.c.i.embedder.EclipseLogger - skip non existing resourceDirectory C:\Users\Comarch\Documents\Java\PluralsightSpring\FitnessTracker\src\test\resources
2017-01-02 16:07:38,084 [Worker-82] WARN  o.e.m.c.i.embedder.EclipseLogger - Using platform encoding (Cp1250 actually) to copy filtered resources, i.e. build is platform dependent!
2017-01-02 16:07:38,214 [Worker-82] INFO  o.e.m.c.i.embedder.EclipseLogger - Copying 0 resource
2017-01-02 16:07:38,215 [Worker-82] WARN  o.e.m.c.i.embedder.EclipseLogger - Using platform encoding (Cp1250 actually) to copy filtered resources, i.e. build is platform dependent!
2017-01-02 16:07:38,229 [Worker-82] INFO  o.e.m.c.i.embedder.EclipseLogger - skip non existing resourceDirectory C:\Users\Comarch\Documents\Java\PluralsightSpring\FitnessTracker\src\test\resources
2017-01-02 16:08:43,721 [Worker-82] WARN  o.e.m.c.i.embedder.EclipseLogger - Using platform encoding (Cp1250 actually) to copy filtered resources, i.e. build is platform dependent!
2017-01-02 16:08:43,738 [Worker-82] INFO  o.e.m.c.i.embedder.EclipseLogger - Copying 0 resource
2017-01-02 16:08:43,743 [Worker-82] WARN  o.e.m.c.i.embedder.EclipseLogger - Using platform encoding (Cp1250 actually) to copy filtered resources, i.e. build is platform dependent!
2017-01-02 16:08:43,781 [Worker-82] INFO  o.e.m.c.i.embedder.EclipseLogger - skip non existing resourceDirectory C:\Users\Comarch\Documents\Java\PluralsightSpring\FitnessTracker\src\test\resources
2017-01-02 16:09:13,839 [Worker-84] WARN  o.e.m.c.i.embedder.EclipseLogger - Using platform encoding (Cp1250 actually) to copy filtered resources, i.e. build is platform dependent!
2017-01-02 16:09:13,871 [Worker-84] INFO  o.e.m.c.i.embedder.EclipseLogger - Copying 0 resource
2017-01-02 16:09:13,872 [Worker-84] WARN  o.e.m.c.i.embedder.EclipseLogger - Using platform encoding (Cp1250 actually) to copy filtered resources, i.e. build is platform dependent!
2017-01-02 16:09:13,892 [Worker-84] INFO  o.e.m.c.i.embedder.EclipseLogger - skip non existing resourceDirectory C:\Users\Comarch\Documents\Java\PluralsightSpring\FitnessTracker\src\test\resources
2017-01-02 16:09:22,976 [Worker-82] WARN  o.e.m.c.i.embedder.EclipseLogger - Using platform encoding (Cp1250 actually) to copy filtered resources, i.e. build is platform dependent!
2017-01-02 16:09:23,009 [Worker-82] INFO  o.e.m.c.i.embedder.EclipseLogger - Copying 0 resource
2017-01-02 16:09:23,010 [Worker-82] WARN  o.e.m.c.i.embedder.EclipseLogger - Using platform encoding (Cp1250 actually) to copy filtered resources, i.e. build is platform dependent!
2017-01-02 16:09:23,030 [Worker-82] INFO  o.e.m.c.i.embedder.EclipseLogger - skip non existing resourceDirectory C:\Users\Comarch\Documents\Java\PluralsightSpring\FitnessTracker\src\test\resources
2017-01-02 16:11:20,709 [Worker-89] WARN  o.e.m.c.i.embedder.EclipseLogger - Using platform encoding (Cp1250 actually) to copy filtered resources, i.e. build is platform dependent!
2017-01-02 16:11:20,728 [Worker-89] INFO  o.e.m.c.i.embedder.EclipseLogger - Copying 1 resource
2017-01-02 16:11:20,763 [Worker-89] WARN  o.e.m.c.i.embedder.EclipseLogger - Using platform encoding (Cp1250 actually) to copy filtered resources, i.e. build is platform dependent!
2017-01-02 16:11:20,801 [Worker-89] INFO  o.e.m.c.i.embedder.EclipseLogger - skip non existing resourceDirectory C:\Users\Comarch\Documents\Java\PluralsightSpring\FitnessTracker\src\test\resources
2017-01-02 16:12:54,012 [Worker-59] WARN  o.e.m.c.i.embedder.EclipseLogger - Using platform encoding (Cp1250 actually) to copy filtered resources, i.e. build is platform dependent!
2017-01-02 16:12:54,045 [Worker-59] INFO  o.e.m.c.i.embedder.EclipseLogger - Copying 0 resource
2017-01-02 16:12:54,047 [Worker-59] WARN  o.e.m.c.i.embedder.EclipseLogger - Using platform encoding (Cp1250 actually) to copy filtered resources, i.e. build is platform dependent!
2017-01-02 16:12:54,070 [Worker-59] INFO  o.e.m.c.i.embedder.EclipseLogger - skip non existing resourceDirectory C:\Users\Comarch\Documents\Java\PluralsightSpring\FitnessTracker\src\test\resources
2017-01-02 16:14:10,109 [Worker-87] WARN  o.e.m.c.i.embedder.EclipseLogger - Using platform encoding (Cp1250 actually) to copy filtered resources, i.e. build is platform dependent!
2017-01-02 16:14:10,118 [Worker-87] INFO  o.e.m.c.i.embedder.EclipseLogger - Copying 1 resource
2017-01-02 16:14:10,126 [Worker-87] WARN  o.e.m.c.i.embedder.EclipseLogger - Using platform encoding (Cp1250 actually) to copy filtered resources, i.e. build is platform dependent!
2017-01-02 16:14:10,143 [Worker-87] INFO  o.e.m.c.i.embedder.EclipseLogger - skip non existing resourceDirectory C:\Users\Comarch\Documents\Java\PluralsightSpring\FitnessTracker\src\test\resources
